TimeWindow  TotalIterations  Iterations  Convergence  QNColumns  DeletedQNColumns  DroppedQNColumns  
     1      25      25       1      19       5       0  
     2     125     100       0      50      47      21  
     3     151      26       1      50       8      17  
     4     162      11       1      50       1       9  
     5     168       6       1      50       0       5  
     6     174       6       1      50       0       5  
     7     179       5       1      50       0       4  
     8     185       6       1      50       0       5  
     9     190       5       1      50       0       4  
    10     195       5       1      50       1       3  
    11     199       4       1      50       1       2  
    12     203       4       1      50       0       3  
    13     207       4       1      50       0       3  
    14     212       5       1      50       0       4  
    15     216       4       1      50       0       3  
    16     220       4       1      50       0       3  
    17     224       4       1      50       0       3  
    18     229       5       1      50       0       4  
    19     234       5       1      50       0       4  
    20     239       5       1      50       0       4  
    21     243       4       1      50       0       3  
    22     247       4       1      50       0       3  
    23     252       5       1      50       0       4  
    24     257       5       1      50       0       4  
    25     261       4       1      50       0       3  
    26     265       4       1      50       0       3  
    27     270       5       1      50       0       4  
    28     275       5       1      50       0       4  
    29     279       4       1      50       0       3  
    30     283       4       1      50       0       3  
    31     287       4       1      50       0       3  
    32     291       4       1      50       0       3  
    33     295       4       1      50       0       3  
    34     299       4       1      50       0       3  
    35     303       4       1      49       0       4  
    36     307       4       1      49       0       3  
    37     311       4       1      49       0       3  
    38     315       4       1      48       0       4  
    39     319       4       1      47       0       4  
    40     323       4       1      47       0       3  
    41     327       4       1      47       0       3  
    42     331       4       1      46       0       4  
    43     334       3       1      44       0       4  
    44     338       4       1      44       0       3  
    45     342       4       1      44       0       3  
    46     346       4       1      44       0       3  
    47     350       4       1      44       0       3  
    48     354       4       1      44       0       3  
    49     358       4       1      44       0       3  
    50     362       4       1      44       0       3  
    51     366       4       1      44       0       3  
    52     370       4       1      44       0       3  
    53     374       4       1      44       0       3  
    54     378       4       1      44       0       3  
    55     382       4       1      44       0       3  
    56     385       3       1      43       0       3  
    57     389       4       1      43       0       3  
    58     393       4       1      44       0       2  
    59     396       3       1      43       0       3  
    60     400       4       1      43       0       3  
    61     404       4       1      43       0       3  
    62     408       4       1      43       0       3  
    63     412       4       1      43       0       3  
    64     416       4       1      43       0       3  
    65     420       4       1      43       0       3  
    66     424       4       1      43       0       3  
    67     428       4       1      43       0       3  
    68     431       3       1      42       0       3  
    69     435       4       1      42       0       3  
    70     439       4       1      42       0       3  
    71     443       4       1      43       0       2  
    72     447       4       1      43       0       3  
    73     451       4       1      43       0       3  
    74     455       4       1      44       0       2  
    75     458       3       1      43       0       3  
    76     462       4       1      43       0       3  
    77     465       3       1      42       0       3  
    78     468       3       1      41       0       3  
    79     472       4       1      41       0       3  
    80     476       4       1      41       0       3  
    81     480       4       1      41       0       3  
    82     484       4       1      41       0       3  
    83     488       4       1      42       0       2  
    84     491       3       1      41       0       3  
    85     495       4       1      41       0       3  
    86     498       3       1      40       0       3  
    87     502       4       1      40       0       3  
    88     506       4       1      40       0       3  
    89     510       4       1      40       0       3  
    90     514       4       1      41       0       2  
    91     518       4       1      41       0       3  
    92     522       4       1      42       0       2  
    93     526       4       1      43       0       2  
    94     529       3       1      42       0       3  
    95     533       4       1      42       0       3  
    96     536       3       1      41       0       3  
    97     539       3       1      40       0       3  
    98     543       4       1      40       0       3  
    99     547       4       1      41       0       2  
   100     550       3       1      40       0       3  
   101     554       4       1      41       0       2  
   102     558       4       1      41       0       3  
   103     561       3       1      40       0       3  
   104     565       4       1      40       0       3  
   105     569       4       1      40       0       3  
   106     573       4       1      40       0       3  
   107     577       4       1      40       0       3  
   108     580       3       1      39       0       3  
   109     584       4       1      40       0       2  
   110     588       4       1      40       0       3  
   111     592       4       1      41       0       2  
   112     596       4       1      42       0       2  
   113     600       4       1      42       0       3  
   114     603       3       1      41       0       3  
   115     607       4       1      42       0       2  
   116     611       4       1      42       0       3  
   117     615       4       1      42       0       3  
   118     619       4       1      43       0       2  
   119     623       4       1      43       0       3  
   120     627       4       1      43       0       3  
   121     631       4       1      43       0       3  
   122     635       4       1      43       0       3  
   123     639       4       1      44       0       2  
   124     643       4       1      44       0       3  
   125     647       4       1      44       0       3  
   126     651       4       1      44       0       3  
   127     655       4       1      44       0       3  
   128     659       4       1      44       0       3  
   129     663       4       1      45       0       2  
   130     666       3       1      44       0       3  
   131     670       4       1      44       0       3  
   132     674       4       1      44       0       3  
   133     678       4       1      44       0       3  
   134     682       4       1      44       0       3  
   135     686       4       1      44       0       3  
   136     690       4       1      44       0       3  
   137     694       4       1      44       0       3  
   138     698       4       1      44       0       3  
   139     702       4       1      44       0       3  
   140     706       4       1      44       0       3  
   141     710       4       1      44       0       3  
   142     714       4       1      44       0       3  
   143     718       4       1      44       0       3  
   144     722       4       1      44       0       3  
   145     725       3       1      44       0       2  
   146     729       4       1      44       0       3  
   147     733       4       1      44       0       3  
   148     736       3       1      43       0       3  
   149     740       4       1      43       0       3  
   150     743       3       1      42       0       3  
   151     747       4       1      42       0       3  
   152     751       4       1      42       0       3  
   153     755       4       1      42       0       3  
   154     759       4       1      42       0       3  
   155     762       3       1      41       0       3  
   156     766       4       1      41       0       3  
   157     769       3       1      40       0       3  
   158     772       3       1      39       0       3  
   159     775       3       1      38       0       3  
   160     779       4       1      39       0       2  
   161     783       4       1      39       0       3  
   162     786       3       1      38       0       3  
   163     790       4       1      39       0       2  
   164     794       4       1      39       0       3  
   165     798       4       1      40       0       2  
   166     801       3       1      39       0       3  
   167     805       4       1      39       0       3  
   168     809       4       1      39       0       3  
   169     813       4       1      39       0       3  
   170     816       3       1      39       0       2  
   171     820       4       1      39       0       3  
   172     824       4       1      40       0       2  
   173     828       4       1      41       0       2  
   174     832       4       1      42       0       2  
   175     836       4       1      42       0       3  
   176     840       4       1      42       0       3  
   177     844       4       1      43       0       2  
   178     847       3       1      42       0       3  
   179     851       4       1      42       0       3  
   180     855       4       1      42       0       3  
   181     859       4       1      43       0       2  
   182     863       4       1      43       0       3  
   183     866       3       1      42       0       3  
   184     870       4       1      42       0       3  
   185     874       4       1      43       0       2  
   186     878       4       1      43       0       3  
   187     882       4       1      43       0       3  
   188     885       3       1      42       0       3  
   189     889       4       1      42       0       3  
   190     893       4       1      42       0       3  
   191     896       3       1      41       0       3  
   192     900       4       1      41       1       2  
   193     903       3       1      41       0       2  
   194     907       4       1      41       0       3  
   195     911       4       1      41       0       3  
   196     915       4       1      41       0       3  
   197     918       3       1      40       0       3  
   198     922       4       1      41       0       2  
   199     926       4       1      41       0       3  
   200     930       4       1      41       0       3  
   201     934       4       1      41       0       3  
   202     937       3       1      40       0       3  
   203     940       3       1      40       0       2  
   204     944       4       1      40       0       3  
   205     948       4       1      40       0       3  
   206     952       4       1      41       0       2  
   207     956       4       1      41       0       3  
   208     960       4       1      42       0       2  
   209     964       4       1      42       0       3  
   210     968       4       1      42       0       3  
   211     972       4       1      42       0       3  
   212     976       4       1      43       0       2  
   213     980       4       1      43       0       3  
   214     984       4       1      43       1       2  
   215     988       4       1      43       0       3  
   216     992       4       1      43       0       3  
   217     995       3       1      43       0       2  
   218     999       4       1      44       0       2  
   219    1003       4       1      44       0       3  
   220    1006       3       1      43       0       3  
   221    1010       4       1      43       0       3  
   222    1013       3       1      42       0       3  
   223    1016       3       1      41       0       3  
   224    1019       3       1      39       1       3  
   225    1022       3       1      39       0       2  
   226    1026       4       1      39       1       2  
   227    1029       3       1      38       0       3  
   228    1033       4       1      38       0       3  
   229    1036       3       1      37       0       3  
   230    1040       4       1      36       1       3  
   231    1043       3       1      36       0       2  
   232    1047       4       1      37       1       1  
   233    1051       4       1      36       1       3  
   234    1055       4       1      36       0       3  
   235    1059       4       1      38       0       1  
   236    1062       3       1      37       0       3  
   237    1067       5       1      39       0       2  
   238    1071       4       1      40       0       2  
   239    1075       4       1      41       0       2  
   240    1079       4       1      42       0       2  
   241    1083       4       1      42       0       3  
   242    1087       4       1      43       0       2  
   243    1091       4       1      43       0       3  
   244    1095       4       1      44       0       2  
   245    1099       4       1      44       0       3  
   246    1103       4       1      45       0       2  
   247    1107       4       1      45       0       3  
   248    1111       4       1      45       1       2  
   249    1115       4       1      45       0       3  
   250    1119       4       1      44       1       3  
   251    1123       4       1      46       0       1  
   252    1127       4       1      45       0       4  
   253    1131       4       1      45       1       2  
   254    1134       3       1      44       0       3  
   255    1138       4       1      44       1       2  
   256    1141       3       1      43       0       3  
   257    1144       3       1      42       0       3  
   258    1148       4       1      42       1       2  
   259    1152       4       1      42       0       3  
   260    1156       4       1      42       0       3  
   261    1160       4       1      42       0       3  
   262    1164       4       1      42       0       3  
   263    1168       4       1      42       0       3  
   264    1171       3       1      41       0       3  
   265    1174       3       1      40       0       3  
   266    1178       4       1      40       0       3  
   267    1181       3       1      39       0       3  
   268    1185       4       1      39       0       3  
   269    1188       3       1      39       0       2  
   270    1192       4       1      39       0       3  
   271    1196       4       1      40       0       2  
   272    1199       3       1      40       0       2  
   273    1203       4       1      40       1       2  
   274    1207       4       1      40       1       2  
   275    1210       3       1      39       0       3  
   276    1213       3       1      38       0       3  
   277    1217       4       1      38       0       3  
   278    1221       4       1      38       0       3  
   279    1224       3       1      38       0       2  
   280    1228       4       1      39       0       2  
   281    1231       3       1      38       0       3  
   282    1234       3       1      38       0       2  
   283    1238       4       1      38       1       2  
   284    1242       4       1      39       0       2  
   285    1246       4       1      39       0       3  
   286    1250       4       1      39       0       3  
   287    1254       4       1      40       0       2  
   288    1257       3       1      39       0       3  
   289    1261       4       1      39       0       3  
   290    1265       4       1      40       0       2  
   291    1269       4       1      41       0       2  
   292    1272       3       1      40       0       3  
   293    1276       4       1      40       0       3  
   294    1280       4       1      41       0       2  
   295    1284       4       1      41       0       3  
   296    1288       4       1      42       0       2  
   297    1291       3       1      42       0       2  
   298    1295       4       1      42       0       3  
   299    1299       4       1      42       0       3  
   300    1303       4       1      42       0       3  
   301    1307       4       1      42       0       3  
   302    1311       4       1      42       0       3  
   303    1315       4       1      43       0       2  
   304    1319       4       1      43       1       2  
   305    1323       4       1      43       0       3  
   306    1326       3       1      42       0       3  
   307    1330       4       1      43       0       2  
   308    1334       4       1      42       1       3  
   309    1337       3       1      41       0       3  
   310    1340       3       1      40       0       3  
   311    1343       3       1      40       0       2  
   312    1346       3       1      40       0       2  
   313    1349       3       1      39       0       3  
   314    1353       4       1      39       0       3  
   315    1356       3       1      38       0       3  
   316    1359       3       1      37       0       3  
   317    1362       3       1      35       1       3  
   318    1365       3       1      35       0       2  
   319    1369       4       1      35       0       3  
   320    1372       3       1      34       0       3  
   321    1376       4       1      35       0       2  
   322    1380       4       1      35       0       3  
   323    1384       4       1      35       0       3  
   324    1388       4       1      36       0       2  
   325    1392       4       1      37       0       2  
   326    1395       3       1      37       0       2  
   327    1399       4       1      38       0       2  
   328    1402       3       1      38       0       2  
   329    1406       4       1      38       0       3  
   330    1410       4       1      39       0       2  
   331    1414       4       1      40       0       2  
   332    1418       4       1      41       0       2  
   333    1422       4       1      42       0       2  
   334    1426       4       1      42       0       3  
   335    1429       3       1      42       0       2  
   336    1433       4       1      42       0       3  
   337    1437       4       1      42       0       3  
   338    1441       4       1      41       2       2  
   339    1445       4       1      41       0       3  
   340    1449       4       1      42       0       2  
   341    1453       4       1      43       0       2  
   342    1456       3       1      42       0       3  
   343    1460       4       1      43       0       2  
   344    1463       3       1      42       0       3  
   345    1466       3       1      41       0       3  
   346    1469       3       1      40       0       3  
   347    1473       4       1      40       0       3  
   348    1477       4       1      40       0       3  
   349    1481       4       1      40       1       2  
   350    1485       4       1      41       1       1  
   351    1488       3       1      40       0       3  
   352    1491       3       1      39       0       3  
   353    1494       3       1      38       1       2  
   354    1498       4       1      38       0       3  
   355    1502       4       1      38       1       2  
   356    1506       4       1      38       1       2  
   357    1510       4       1      39       0       2  
   358    1514       4       1      38       2       2  
   359    1517       3       1      39       0       1  
   360    1521       4       1      39       1       2  
   361    1524       3       1      40       0       1  
   362    1527       3       1      38       1       3  
   363    1530       3       1      37       0       3  
   364    1534       4       1      37       0       3  
   365    1537       3       1      37       0       2  
   366    1541       4       1      38       0       2  
   367    1545       4       1      38       1       2  
   368    1549       4       1      39       1       1  
   369    1552       3       1      39       0       2  
   370    1557       5       1      40       1       2  
   371    1563       6       1      42       0       3  
   372    1569       6       1      44       0       3  
   373    1573       4       1      44       0       3  
   374    1577       4       1      45       0       2  
   375    1582       5       1      45       2       2  
   376    1588       6       1      47       1       2  
   377    1593       5       1      50       0       1  
   378    1598       5       1      50       1       3  
   379    1603       5       1      50       2       2  
   380    1607       4       1      50       0       3  
   381    1612       5       1      50       0       4  
   382    1617       5       1      50       0       4  
   383    1622       5       1      50       0       4  
   384    1627       5       1      50       0       4  
   385    1632       5       1      50       0       4  
   386    1636       4       1      50       0       3  
   387    1640       4       1      50       0       3  
   388    1644       4       1      50       0       3  
   389    1648       4       1      50       1       2  
   390    1652       4       1      50       1       2  
   391    1656       4       1      50       0       3  
   392    1660       4       1      50       1       2  
   393    1664       4       1      49       0       4  
   394    1668       4       1      49       0       3  
   395    1671       3       1      48       1       2  
   396    1675       4       1      46       1       4  
   397    1679       4       1      45       1       3  
   398    1683       4       1      45       0       3  
   399    1687       4       1      44       0       4  
   400    1691       4       1      43       1       3  
   401    1694       3       1      42       0       3  
   402    1698       4       1      42       0       3  
   403    1702       4       1      42       1       2  
   404    1706       4       1      42       0       3  
   405    1710       4       1      43       0       2  
   406    1714       4       1      43       0       3  
   407    1718       4       1      43       0       3  
   408    1722       4       1      43       0       3  
   409    1725       3       1      42       0       3  