TimeWindow  Iteration  ResRel(Displacement)  ResRel(Force)  
     1       1              inf   1.00000000e+00  
     1       2   1.00000000e+00   9.36461657e-01  
     1       3   1.01518147e+00   5.69997021e-01  
     1       4   1.71621518e-01   9.03341633e-01  
     1       5   3.67750278e-01   9.84456125e-01  
     1       6   3.59705502e-01   9.85323462e-01  
     1       7   1.36720666e-02   1.00239374e+00  
     1       8   2.94182108e-03   1.00519830e+00  
     1       9   1.36542069e-03   1.00733080e+00  
     1      10   1.65183123e-01   5.35752664e-01  
     1      11   8.22954678e-02   9.47773575e-01  
     1      12   4.27554351e-02   9.96731953e-01  
     1      13   8.78324173e-03   6.29324151e-01  
     1      14   3.72034783e-03   7.77252790e-01  
     1      15   4.71524710e-04   7.91574667e-01  
     1      16   4.75601454e-04   7.56452848e-01  
     1      17   6.03409510e-04   7.62131795e-01  
     1      18   2.64169795e-03   6.43002078e-01  
     1      19   4.78692698e-03   9.91548984e-02  
     1      20   2.46497724e-03   1.40007336e-01  
     1      21   2.88684396e-04   3.40520743e-01  
     1      22   3.25008688e-04   3.45352228e-01  
     1      23   5.16507855e-04   2.66490059e-01  
     1      24   3.07209563e-04   2.39394638e-02  
     1      25   1.36165428e-04   2.17742004e-03  
     2       1   6.27765932e-01   6.92311386e+00  
     2       2   2.59714712e-02   1.03062462e+00  
     2       3   1.71148917e-03   1.02870456e+00  
     2       4   1.67138425e-03   1.02858448e+00  
     2       5   1.49452483e-02   1.02944253e+00  
     2       6   1.18544719e-02   1.02775723e+00  
     2       7   1.02248570e-02   1.03042009e+00  
     2       8   1.25397749e-02   1.03083600e+00  
     2       9   3.14880687e-02   1.03218768e+00  
     2      10   3.78815436e-03   1.03270129e+00  
     2      11   1.38370005e-02   1.03329151e+00  
     2      12   7.73190819e-02   1.02724134e+00  
     2      13   2.98571191e-02   1.02955048e+00  
     2      14   1.15245356e-02   1.03359459e+00  
     2      15   5.67341390e-03   1.03030402e+00  
     2      16   2.12906987e-03   1.03166059e+00  
     2      17   2.01422889e-03   1.03196144e+00  
     2      18   1.87084840e-03   1.03202190e+00  
     2      19   1.90267369e-03   1.03209779e+00  
     2      20   1.77465943e-03   1.03223361e+00  
     2      21   1.62269065e-03   1.03223283e+00  
     2      22   1.32758333e-03   1.03229279e+00  
     2      23   8.68475597e-04   1.03237629e+00  
     2      24   7.53575613e-04   1.03237267e+00  
     2      25   6.59124629e-04   1.03235249e+00  
     2      26   6.87415592e-04   1.03234227e+00  
     2      27   6.25139619e-04   1.03231078e+00  
     2      28   6.56119147e-04   1.03230313e+00  
     2      29   7.24164426e-04   1.03230534e+00  
     2      30   7.81940505e-04   1.03229872e+00  
     2      31   7.94561080e-04   1.03229867e+00  
     2      32   5.56018823e-04   1.03223704e+00  
     2      33   3.77397926e-03   1.03229273e+00  
     2      34   3.78921524e-03   1.03228938e+00  
     2      35   3.87861531e-03   1.03230432e+00  
     2      36   3.88557061e-03   1.03230841e+00  
     2      37   4.02963444e-03   1.03243356e+00  
     2      38   4.65813711e-03   1.03223718e+00  
     2      39   3.56574666e-03   1.03233800e+00  
     2      40   3.60397152e-03   1.03227183e+00  
     2      41   2.70143414e-03   1.03232176e+00  
     2      42   2.55712887e-03   1.03232756e+00  
     2      43   2.56482163e-03   1.03233037e+00  
     2      44   5.63342841e-03   1.03192126e+00  
     2      45   5.29186478e-03   1.03205769e+00  
     2      46   5.41963000e-03   1.03204761e+00  
     2      47   5.40563190e-03   1.03202870e+00  
     2      48   5.94300999e-03   1.03174316e+00  
     2      49   6.50346264e-03   1.03138665e+00  
     2      50   4.80241117e-03   1.03252820e+00  
     2      51   4.52576265e-03   1.03249211e+00  
     2      52   7.72267085e-04   1.03260864e+00  
     2      53   6.67652662e-04   1.03233344e+00  
     2      54   8.34473170e-04   1.03232096e+00  
     2      55   8.24974696e-04   1.03232302e+00  
     2      56   2.84226239e-03   1.03211109e+00  
     2      57   1.02536445e-02   1.03236311e+00  
     2      58   5.76039072e-03   1.03246032e+00  
     2      59   5.59402733e-03   1.03268407e+00  
     2      60   4.87150403e-03   1.03229056e+00  
     2      61   4.86327233e-03   1.03229501e+00  
     2      62   2.99362755e-03   1.03329405e+00  
     2      63   2.96050265e-03   1.03329711e+00  
     2      64   2.00935646e-02   7.33056603e-01  
     2      65   2.99118295e-02   3.78569636e-01  
     2      66   2.25157736e-02   3.12190700e-01  
     2      67   1.90092479e-02   1.34060281e-01  
     2      68   2.02642394e-02   2.24092848e-01  
     2      69   2.21069689e-02   2.43920237e-01  
     2      70   2.13835035e-02   2.47257843e-01  
     2      71   1.31372496e-02   1.37760071e-01  
     2      72   6.88154026e-03   6.42423897e-01  
     2      73   8.92255431e-03   4.43275191e-01  
     2      74   7.67893122e-03   2.11023939e-01  
     2      75   8.11441920e-03   2.68005006e-01  
     2      76   6.37826347e-03   4.13952929e-01  
     2      77   4.78458973e-03   4.53748073e-01  
     2      78   3.65808188e-03   4.84362646e-01  
     2      79   5.89717643e-03   5.01814331e-01  
     2      80   4.94355444e-03   4.87608405e-01  
     2      81   1.74057538e-03   4.12766053e-01  
     2      82   2.05534512e-03   4.05585256e-01  
     2      83   2.32540837e-03   4.11902565e-01  
     2      84   2.32845472e-03   4.11750737e-01  
     2      85   2.19915634e-03   4.02262280e-01  
     2      86   1.74813601e-03   3.75352176e-01  
     2      87   8.38457757e-04   4.24579022e-01  
     2      88   2.38557641e-02   2.40512829e-01  
     2      89   2.02472307e-02   2.48825302e-01  
     2      90   2.01975880e-02   2.44932036e-01  
     2      91   2.18504966e-02   2.01306247e-01  
     2      92   1.34736387e-02   2.19852493e-01  
     2      93   1.37087835e-02   2.01991731e-01  
     2      94   1.00814682e-02   1.39401284e-01  
     2      95   1.36517624e-02   1.65533335e-01  
     2      96   1.30311089e-02   1.49167215e-01  
     2      97   5.28849743e-03   1.18173356e-01  
     2      98   5.02317083e-03   1.37737692e-01  
     2      99   4.52270863e-03   1.54763630e-01  
     2     100   4.84192208e-03   1.45895964e-01  
     3       1   1.10323166e+00   3.42803729e+01  
     3       2   5.78176157e-01   1.80835089e+00  
     3       3   2.96147723e-01   6.62646210e+00  
     3       4   1.36523059e-01   6.60726688e+01  
     3       5   1.47540397e-01   9.82794427e+01  
     3       6   1.53943020e-01   3.52005909e+01  
     3       7   1.66339365e-01   3.06515278e+01  
     3       8   5.78972810e-02   2.28980515e+01  
     3       9   2.73054474e-02   1.23395497e+01  
     3      10   1.78927776e-02   3.55396653e+00  
     3      11   1.56185750e-02   1.16216400e+00  
     3      12   8.80245759e-03   5.92027544e-01  
     3      13   4.50893676e-03   5.78567299e-01  
     3      14   4.60202384e-03   6.24352382e-01  
     3      15   4.07542410e-03   1.48986895e+00  
     3      16   2.31989805e-03   1.78866314e+00  
     3      17   1.38118378e-03   1.80626580e+00  
     3      18   1.25738820e-03   1.54238653e+00  
     3      19   1.27428871e-03   4.35950014e-01  
     3      20   9.12678225e-04   3.32395123e-02  
     3      21   5.45265824e-04   2.70981926e-02  
     3      22   6.67028084e-05   1.85822718e-02  
     3      23   6.19629519e-05   4.54434693e-02  
     3      24   2.94444807e-05   1.40546252e-02  
     3      25   1.73319760e-05   1.40053310e-02  
     3      26   8.80644617e-06   1.02549980e-03  
     4       1   4.10840404e-01   3.76178148e+01  
     4       2   2.81181371e-01   1.10210246e+01  
     4       3   2.58423386e-02   8.62297342e+00  
     4       4   1.71284768e-02   5.31272895e+00  
     4       5   5.68110079e-03   6.25893822e+00  
     4       6   1.45632162e-03   1.74041603e+00  
     4       7   1.25990718e-03   2.83920740e-01  
     4       8   3.82426404e-04   3.71124734e-01  
     4       9   9.76430865e-05   1.32020027e-01  
     4      10   6.18028968e-05   5.47774724e-02  
     4      11   7.94794396e-06   3.72058894e-04  
     5       1   4.94975005e-01   6.73763736e+00  
     5       2   9.33111265e-02   2.98378357e+00  
     5       3   2.60497357e-03   7.43277106e-01  
     5       4   1.04838769e-03   7.20170663e-02  
     5       5   1.24909442e-04   1.08060356e-02  
     5       6   1.45208491e-05   2.03435784e-03  
     6       1   2.58175684e-01   4.09528376e+00  
     6       2   2.55030190e-02   1.34603614e+00  
     6       3   8.17115057e-04   2.78733757e-01  
     6       4   2.77407346e-04   7.17869774e-02  
     6       5   2.35437424e-05   8.05231064e-03  
     6       6   6.49021411e-06   9.25282224e-04  
     7       1   2.72293179e-01   4.54109166e+00  
     7       2   3.25493999e-03   1.16269847e+00  
     7       3   7.82415435e-04   1.63746531e-01  
     7       4   1.25615080e-04   4.10215568e-02  
     7       5   1.65830034e-05   1.35924644e-03  
     8       1   1.77773562e-01   4.17434860e+00  
     8       2   8.85374632e-03   9.38752821e+00  
     8       3   7.97408431e-04   4.74426941e-01  
     8       4   1.86360025e-04   4.26238402e-02  
     8       5   2.59983666e-05   1.11080950e-02  
     8       6   2.38922513e-06   8.79480575e-04  
     9       1   1.78296078e-01   4.68607811e+00  
     9       2   3.92534070e-03   1.29423999e+00  
     9       3   1.80643230e-04   1.33196630e-01  
     9       4   2.68176526e-05   9.40252254e-03  
     9       5   1.82749149e-06   2.81805350e-04  
    10       1   1.31412419e-01   4.46256029e+00  
    10       2   2.71774025e-03   1.25781121e+00  
    10       3   2.14558321e-04   2.25478894e-01  
    10       4   1.99446113e-05   1.32281980e-02  
    10       5   1.39658447e-06   1.03097981e-03  
    11       1   1.29102277e-01   4.96754266e+00  
    11       2   2.18761358e-03   1.14811908e+00  
    11       3   2.58978786e-04   6.43841299e-02  
    11       4   1.72577030e-05   4.67985507e-03  
    12       1   1.01591452e-01   4.68598808e+00  
    12       2   2.62823984e-03   9.33947823e-01  
    12       3   1.37061942e-04   4.15242950e-02  
    12       4   1.22999705e-05   4.76973348e-03  
    13       1   9.97654912e-02   5.25430020e+00  
    13       2   1.66576378e-03   1.14450284e+00  
    13       3   6.65375610e-05   5.07375868e-02  
    13       4   8.00420242e-06   2.44932512e-03  
    14       1   8.24116329e-02   4.95088118e+00  
    14       2   1.90089910e-03   1.17772263e+00  
    14       3   1.89809815e-04   5.65283663e-02  
    14       4   5.56973382e-06   1.16384399e-02  
    14       5   3.58597675e-07   1.15936384e-04  
    15       1   8.07316819e-02   5.36182943e+00  
    15       2   1.79995701e-03   1.13301590e+00  
    15       3   6.33000450e-05   1.04942106e-02  
    15       4   4.15786007e-06   1.17295970e-03  
    16       1   6.89139803e-02   5.22908256e+00  
    16       2   1.22676979e-03   6.44700828e-01  
    16       3   1.25473537e-04   3.84109080e-02  
    16       4   1.65279735e-05   3.55260278e-03  
    17       1   6.75716535e-02   5.56893209e+00  
    17       2   6.76891354e-04   1.00312204e+00  
    17       3   5.05000500e-05   1.48012187e-01  
    17       4   3.61256384e-06   4.98658608e-03  
    18       1   5.88750111e-02   5.50431678e+00  
    18       2   1.90046108e-03   1.07334507e+00  
    18       3   2.00621299e-04   9.16392056e-02  
    18       4   9.38005536e-06   6.92431783e-03  
    18       5   1.16523527e-06   7.29340382e-04  
    19       1   5.82318038e-02   5.65823116e+00  
    19       2   1.08428690e-03   1.09002062e+00  
    19       3   5.79688580e-05   1.53896811e-02  
    19       4   6.50379299e-06   5.86919227e-03  
    19       5   2.72110288e-07   2.57478830e-04  
    20       1   5.14109848e-02   5.74357146e+00  
    20       2   1.39506201e-03   9.76219027e-01  
    20       3   5.93525117e-05   6.49590081e-02  
    20       4   4.34686928e-06   5.73886253e-03  
    20       5   3.83798940e-07   5.31157459e-04  
    21       1   5.05510999e-02   5.90134976e+00  
    21       2   1.18723069e-03   6.53016817e-01  
    21       3   4.62884691e-05   2.50623357e-01  
    21       4   7.19032457e-06   3.35243213e-03  
    22       1   4.68875596e-02   5.99344679e+00  
    22       2   3.97057278e-04   8.55699732e-01  
    22       3   4.30455797e-05   3.52807318e-02  
    22       4   2.84873622e-06   1.63475635e-03  
    23       1   4.46693183e-02   5.85558777e+00  
    23       2   9.19517497e-04   7.55801013e-01  
    23       3   4.25617197e-05   1.85055507e-02  
    23       4   2.82902580e-06   6.51727675e-03  
    23       5   6.01404650e-07   4.39887570e-04  
    24       1   4.14540376e-02   5.88865269e+00  
    24       2   5.52934325e-04   8.86238048e-01  
    24       3   4.20094932e-05   2.20154344e-02  
    24       4   1.00432909e-05   5.70422927e-03  
    24       5   5.55988501e-07   3.42871256e-04  
    25       1   4.16854160e-02   5.64375954e+00  
    25       2   9.36273043e-04   9.97534744e-01  
    25       3   3.49508505e-05   7.94050370e-02  
    25       4   5.12522113e-06   4.99283563e-03  
    26       1   3.69150067e-02   5.86848772e+00  
    26       2   5.62750081e-04   5.78631001e-01  
    26       3   2.41703345e-05   1.41953187e-02  
    26       4   2.70062812e-06   3.09983474e-03  
    27       1   3.87689491e-02   6.06867442e+00  
    27       2   4.47663341e-04   9.81801121e-01  
    27       3   1.60586145e-05   8.59385843e-02  
    27       4   3.63531899e-06   7.97087509e-03  
    27       5   2.84906889e-07   4.02161581e-04  
    28       1   3.46109066e-02   5.91671134e+00  
    28       2   4.70179158e-04   1.67197234e-01  
    28       3   1.16294413e-05   1.28766238e-02  
    28       4   2.01953037e-06   5.27890749e-03  
    28       5   9.00635422e-08   6.67047345e-04  
    29       1   3.48608534e-02   6.03518966e+00  
    29       2   2.95997145e-04   6.57275174e-01  
    29       3   1.64675376e-05   4.70932281e-02  
    29       4   4.60434110e-06   2.44155388e-03  
    30       1   3.24931303e-02   5.66036733e+00  
    30       2   2.53860568e-04   9.67255226e-01  
    30       3   1.49426542e-05   2.73505354e-02  
    30       4   9.06742124e-07   2.00596359e-03  
    31       1   3.23407225e-02   5.89565839e+00  
    31       2   3.99253171e-04   1.05021749e+00  
    31       3   1.05294766e-05   2.15694010e-02  
    31       4   2.20253844e-06   3.86051564e-03  
    32       1   3.10725112e-02   5.67736590e+00  
    32       2   3.59741912e-04   6.58749237e-01  
    32       3   2.58261566e-05   7.06315419e-02  
    32       4   1.77358559e-06   1.36167312e-03  
    33       1   3.03031903e-02   5.99051719e+00  
    33       2   3.78289485e-04   9.06193588e-01  
    33       3   2.30079942e-05   4.50635928e-02  
    33       4   2.25274663e-06   1.73153963e-03  
    34       1   2.95094772e-02   5.82890079e+00  
    34       2   3.88627151e-04   8.66128837e-01  
    34       3   2.05602963e-05   3.63987590e-02  
    34       4   1.40734510e-06   9.32042581e-04  
    35       1   2.84282960e-02   6.01700735e+00  
    35       2   3.74334454e-04   1.01713424e+00  
    35       3   1.56186818e-05   3.65378510e-02  
    35       4   1.41951428e-06   1.41254063e-03  
    36       1   2.82868001e-02   5.97088255e+00  
    36       2   3.55627829e-04   7.30298448e-01  
    36       3   9.98013838e-06   7.25264563e-02  
    36       4   9.98305739e-07   1.25204941e-03  
    37       1   2.73374549e-02   5.98713368e+00  
    37       2   2.39949850e-04   7.96834152e-01  
    37       3   1.97960991e-05   3.03196922e-02  
    37       4   8.34038322e-07   3.80815762e-04  
    38       1   2.67703044e-02   6.04603383e+00  
    38       2   3.06979324e-04   7.26864642e-01  
    38       3   1.54544039e-05   5.52042137e-02  
    38       4   6.10472998e-07   2.59584934e-03  
    39       1   2.62712412e-02   6.00959841e+00  
    39       2   1.47097964e-04   8.35111835e-01  
    39       3   7.29867054e-06   6.49069344e-02  
    39       4   5.58531630e-07   3.09302863e-04  
    40       1   2.50329792e-02   6.00565722e+00  
    40       2   1.86644256e-04   8.28317861e-01  
    40       3   1.53609361e-05   8.99917782e-02  
    40       4   1.49804588e-06   3.49625653e-03  
    41       1   2.50146826e-02   5.94628720e+00  
    41       2   1.90088293e-04   8.39202567e-01  
    41       3   5.56420097e-06   8.63019469e-03  
    41       4   1.17221857e-06   1.32473718e-03  
    42       1   2.46785846e-02   5.80065975e+00  
    42       2   1.85800043e-04   6.47129762e-01  
    42       3   1.19853379e-05   1.59559022e-02  
    42       4   3.89310972e-07   1.17810143e-03  
    43       1   2.35183308e-02   5.04638521e+00  
    43       2   1.21164571e-04   7.69982107e-01  
    43       3   6.08975949e-06   3.89626394e-03  
    44       1   2.28199414e-02   6.06729138e+00  
    44       2   1.81437650e-04   9.32042717e-01  
    44       3   9.66818549e-06   7.77871213e-02  
    44       4   8.33862690e-07   4.31014838e-03  
    45       1   2.41765624e-02   5.83661873e+00  
    45       2   1.86714143e-04   4.36321129e-01  
    45       3   8.98187723e-06   1.06632906e-02  
    45       4   1.31025098e-06   2.98005400e-03  
    46       1   2.09607223e-02   4.53541639e+00  
    46       2   2.48244898e-04   7.95394386e-01  
    46       3   1.25062262e-05   2.98433557e-02  
    46       4   7.53895932e-07   1.94013875e-03  
    47       1   2.24087325e-02   5.69838290e+00  
    47       2   9.27171690e-05   8.94761576e-01  
    47       3   6.24668140e-06   1.01783062e-01  
    47       4   1.11316523e-06   2.22012217e-03  
    48       1   2.12301709e-02   5.91992497e+00  
    48       2   9.11549298e-05   6.69105770e-01  
    48       3   5.43693189e-06   1.02449297e-02  
    48       4   2.94745711e-07   6.12492378e-04  
    49       1   2.09350110e-02   5.30736400e+00  
    49       2   2.18750115e-04   5.25484589e-01  
    49       3   8.71034674e-06   2.90673425e-02  
    49       4   3.74591866e-07   2.94827800e-04  
    50       1   2.02671371e-02   5.77192810e+00  
    50       2   7.95647676e-05   3.46836148e-01  
    50       3   6.97634264e-06   1.06104581e-02  
    50       4   5.21607951e-07   5.17432180e-04  
    51       1   2.03514885e-02   5.31702322e+00  
    51       2   1.37047462e-04   2.41205372e-01  
    51       3   7.51728551e-06   5.92843530e-03  
    51       4   4.84804055e-07   7.67659690e-04  
    52       1   1.96433851e-02   6.01761212e+00  
    52       2   1.30264155e-04   6.74245782e-01  
    52       3   7.38753485e-06   5.17600207e-02  
    52       4   1.17450157e-06   7.66032972e-04  
    53       1   1.98399683e-02   5.98574390e+00  
    53       2   1.39305396e-04   9.08925190e-01  
    53       3   4.49889499e-06   6.73151611e-03  
    53       4   3.21222764e-07   1.18403780e-03  
    54       1   1.84501913e-02   5.25273712e+00  
    54       2   2.61271414e-04   8.11268672e-01  
    54       3   1.37602002e-05   5.06205565e-02  
    54       4   7.68064480e-07   4.50857270e-03  
    55       1   1.94447890e-02   5.00278881e+00  
    55       2   1.48912232e-04   1.37706181e+00  
    55       3   9.51308915e-06   1.04277458e-02  
    55       4   8.81199522e-07   3.90775132e-03  
    56       1   1.80889105e-02   4.19345819e+00  
    56       2   8.04942155e-05   5.10841156e-01  
    56       3   2.21580013e-06   2.92090439e-03  
    57       1   1.93033109e-02   4.23665042e+00  
    57       2   6.15480335e-05   3.23211026e-01  
    57       3   2.61192863e-06   1.27093515e-02  
    57       4   2.76259149e-07   1.02290963e-03  
    58       1   1.75453129e-02   3.95425383e+00  
    58       2   8.24990976e-05   7.84604749e-01  
    58       3   1.14364210e-05   1.06189630e-02  
    58       4   7.26042506e-07   3.10786189e-03  
    59       1   1.86106755e-02   4.60017695e+00  
    59       2   4.54817836e-05   2.55691539e-01  
    59       3   2.73848330e-06   2.14089550e-03  
    60       1   1.74481237e-02   4.53788745e+00  
    60       2   1.03956386e-04   4.58298858e-01  
    60       3   6.33427555e-06   8.61705145e-02  
    60       4   8.60974765e-07   2.14844547e-03  
    61       1   1.82856369e-02   5.47626220e+00  
    61       2   7.42284474e-05   1.35600266e-01  
    61       3   4.06006057e-06   4.25513944e-02  
    61       4   4.84509420e-07   2.37723686e-03  
    62       1   1.75759602e-02   5.30774915e+00  
    62       2   5.44757652e-05   4.35595037e-01  
    62       3   5.23957916e-06   1.30428137e-02  
    62       4   5.01276917e-07   1.73452158e-04  
    63       1   1.74879042e-02   6.07525002e+00  
    63       2   5.57845066e-05   7.43348700e-01  
    63       3   5.66787951e-06   1.93999697e-02  
    63       4   3.79244189e-07   1.17078473e-03  
    64       1   1.75586582e-02   6.03278375e+00  
    64       2   1.21750169e-04   9.50915784e-01  
    64       3   3.30475275e-06   8.01056996e-03  
    64       4   1.95391118e-07   1.55264935e-03  
    65       1   1.72848866e-02   5.10274421e+00  
    65       2   1.15820137e-04   7.31440666e-01  
    65       3   9.51114206e-06   5.51242607e-02  
    65       4   2.58489016e-07   3.51599078e-03  
    66       1   1.71749117e-02   5.79985111e+00  
    66       2   1.08322720e-04   1.03371503e+00  
    66       3   6.05852812e-06   3.62532309e-02  
    66       4   6.47054720e-07   1.03140461e-03  
    67       1   1.72376149e-02   5.70242886e+00  
    67       2   4.60827086e-05   9.91009735e-01  
    67       3   3.94625114e-06   1.11939370e-02  
    67       4   3.87422934e-07   5.88663426e-04  
    68       1   1.69876272e-02   6.01330948e+00  
    68       2   7.83431573e-05   4.99269785e-01  
    68       3   4.54625961e-06   3.99469311e-03  
    69       1   1.63119000e-02   6.06285898e+00  
    69       2   9.70815568e-05   6.30470216e-01  
    69       3   8.03576080e-06   1.40788310e-01  
    69       4   8.63509513e-07   2.48665078e-03  
    70       1   1.70944617e-02   6.13319020e+00  
    70       2   5.10616775e-05   2.05010579e-01  
    70       3   5.16959896e-06   6.77026870e-02  
    70       4   2.00189526e-07   1.38143795e-03  
    71       1   1.59196621e-02   5.54965450e+00  
    71       2   1.08224495e-04   6.63230930e-01  
    71       3   6.35936530e-06   1.90014186e-02  
    71       4   3.31792995e-07   6.70873842e-04  
    72       1   1.62552091e-02   6.14630529e+00  
    72       2   4.76997795e-05   8.27375751e-01  
    72       3   4.05900370e-06   5.15022453e-03  
    72       4   1.76435939e-07   2.55501186e-04  
    73       1   1.59915716e-02   6.00462684e+00  
    73       2   4.77318908e-05   4.01307650e-01  
    73       3   2.48527187e-06   8.20541440e-03  
    73       4   1.24263568e-07   1.48996455e-04  
    74       1   1.57400866e-02   5.57222788e+00  
    74       2   5.74372060e-05   8.26661569e-02  
    74       3   3.17587134e-06   4.72006202e-02  
    74       4   5.04974967e-07   6.61327774e-04  
    75       1   1.58070520e-02   5.54778559e+00  
    75       2   7.19755667e-05   1.74980772e-01  
    75       3   5.58326295e-06   3.01873946e-03  
    76       1   1.52560203e-02   4.28869487e+00  
    76       2   3.33644174e-05   4.09822225e-01  
    76       3   1.85210260e-06   2.10191950e-02  
    76       4   3.19601314e-07   2.08093549e-04  
    77       1   1.55540896e-02   4.63220426e+00  
    77       2   2.73017676e-05   4.95306548e-01  
    77       3   1.34102351e-06   8.09510879e-04  
    78       1   1.50074715e-02   3.75897882e+00  
    78       2   2.58609947e-05   2.76242489e-01  
    78       3   2.02321970e-06   1.11750548e-03  
    79       1   1.49985071e-02   4.51688033e+00  
    79       2   9.46694327e-05   5.79997795e-01  
    79       3   4.63615405e-06   5.30275253e-02  
    79       4   6.32378809e-07   7.88613237e-04  
    80       1   1.49904023e-02   4.23797036e+00  
    80       2   7.01011904e-05   9.91351633e-02  
    80       3   5.99411771e-06   5.63692005e-02  
    80       4   1.66081641e-07   3.15275014e-03  
    81       1   1.47594504e-02   5.36797915e+00  
    81       2   9.80401448e-05   9.27178095e-01  
    81       3   3.64242241e-06   9.58935563e-03  
    81       4   1.01665020e-06   2.14518006e-03  
    82       1   1.49278349e-02   5.51163737e+00  
    82       2   4.16208887e-05   5.02784898e-01  
    82       3   2.41628106e-06   4.89377756e-02  
    82       4   7.28146732e-07   1.81194195e-03  
    83       1   1.42780766e-02   5.96311978e+00  
    83       2   4.54630604e-05   3.30917217e-02  
    83       3   1.44839406e-06   2.76319286e-02  
    83       4   1.16035045e-07   2.12578916e-04  
    84       1   1.46946640e-02   6.08363069e+00  
    84       2   4.93819999e-05   8.79793440e-01  
    84       3   3.89829831e-06   1.65065872e-03  
    85       1   1.45341017e-02   5.73767157e+00  
    85       2   3.12021760e-05   5.87081566e-01  
    85       3   2.14872935e-06   1.33762308e-02  
    85       4   3.31591619e-07   2.35856503e-04  
    86       1   1.41419109e-02   6.10204112e+00  
    86       2   5.91430404e-05   2.77746002e-01  
    86       3   2.94396906e-06   4.00809405e-03  
    87       1   1.45218073e-02   5.67345781e+00  
    87       2   2.71758359e-05   6.92573991e-01  
    87       3   2.62359703e-06   2.13033577e-02  
    87       4   2.50515691e-07   5.72861343e-04  
    88       1   1.41128122e-02   5.44413298e+00  
    88       2   4.70078966e-05   4.08458117e-01  
    88       3   3.12006460e-06   1.76602347e-02  
    88       4   1.57677587e-07   2.96452701e-04  
    89       1   1.38435627e-02   4.23008847e+00  
    89       2   5.68094962e-05   3.34001092e-01  
    89       3   2.94161852e-06   3.68087178e-02  
    89       4   2.08783766e-07   2.11942444e-03  
    90       1   1.42282775e-02   4.40033780e+00  
    90       2   4.10253697e-05   9.04800598e-01  
    90       3   3.04874021e-06   1.40429199e-02  
    90       4   2.48968096e-07   3.02043075e-04  
    91       1   1.39316549e-02   4.50762090e+00  
    91       2   5.26818916e-05   7.49795543e-01  
    91       3   1.75227977e-06   3.88969381e-02  
    91       4   1.49488850e-07   5.81695622e-04  
    92       1   1.37463365e-02   6.03297637e+00  
    92       2   2.08076306e-05   4.35799132e-01  
    92       3   1.23128501e-06   4.19877979e-02  
    92       4   1.24696605e-07   2.12448284e-03  
    93       1   1.39116589e-02   5.73086551e+00  
    93       2   5.50805771e-05   6.16964915e-01  
    93       3   2.96132738e-06   1.11292159e-02  
    93       4   2.05367160e-07   1.52629673e-03  
    94       1   1.36519219e-02   5.97877585e+00  
    94       2   7.88760121e-05   3.30551380e-01  
    94       3   9.47851721e-07   2.21499064e-03  
    95       1   1.35337527e-02   5.04722307e+00  
    95       2   4.14424334e-05   1.15175625e+00  
    95       3   2.98568546e-06   6.69799191e-03  
    95       4   2.04661912e-07   3.49658224e-03  
    96       1   1.37858927e-02   4.91207677e+00  
    96       2   2.78004004e-05   2.24027370e-01  
    96       3   1.11260636e-06   1.40654458e-03  
    97       1   1.32785206e-02   3.82868933e+00  
    97       2   3.34420431e-05   6.24335388e-02  
    97       3   2.19582309e-06   2.07581686e-03  
    98       1   1.40512275e-02   3.55341253e+00  
    98       2   7.03723187e-05   4.74658248e-01  
    98       3   4.43101314e-06   1.41929207e-02  
    98       4   3.37506100e-07   5.94507735e-04  
    99       1   1.29188953e-02   3.23481014e+00  
    99       2   2.13615737e-05   2.57283465e-01  
    99       3   2.27888065e-06   9.03246372e-03  
    99       4   2.65374779e-07   2.53282477e-03  
   100       1   1.39063238e-02   3.30201021e+00  
   100       2   2.66473705e-05   1.47241440e-01  
   100       3   9.23921017e-07   3.37477652e-03  
   101       1   1.29157194e-02   3.47138716e+00  
   101       2   2.53619395e-05   1.34756835e-01  
   101       3   1.45935071e-06   2.65135391e-02  
   101       4   7.74550298e-08   6.87222066e-04  
   102       1   1.34145485e-02   4.01409817e+00  
   102       2   2.61685019e-05   3.38354384e-01  
   102       3   1.94387880e-06   1.79992385e-02  
   102       4   1.89405193e-07   2.37580528e-04  
   103       1   1.28789701e-02   4.12447928e+00  
   103       2   1.29282960e-05   5.78790243e-01  
   103       3   5.70148752e-07   3.31098316e-03  
   104       1   1.31658836e-02   4.95982394e+00  
   104       2   1.04696052e-05   3.44354012e-01  
   104       3   1.69045320e-06   7.45537180e-03  
   104       4   4.24318286e-07   7.06008121e-04  
   105       1   1.29765524e-02   4.62319275e+00  
   105       2   2.39290283e-05   6.50894496e-01  
   105       3   1.54234577e-06   5.07283178e-03  
   105       4   1.33482797e-07   8.47528013e-04  
   106       1   1.27135769e-02   5.60512861e+00  
   106       2   2.10275572e-05   3.54389379e-01  
   106       3   1.13411130e-06   1.99451406e-02  
   106       4   8.41952412e-08   6.34264799e-04  
   107       1   1.30242990e-02   5.60575870e+00  
   107       2   3.11063846e-05   1.24925031e-01  
   107       3   1.55314818e-06   2.19088160e-02  
   107       4   2.33264395e-07   1.06874977e-03  
   108       1   1.24158008e-02   5.91999797e+00  
   108       2   1.30251329e-05   5.83686700e-01  
   108       3   7.14832391e-07   3.64921045e-03  
   109       1   1.26388090e-02   5.91373391e+00  
   109       2   4.77160453e-05   2.33039491e-02  
   109       3   2.07827058e-06   2.64169439e-02  
   109       4   9.34801169e-08   1.09808254e-03  
   110       1   1.26163186e-02   6.02451876e+00  
   110       2   5.65412527e-05   3.93233068e-01  
   110       3   3.34227110e-06   4.47162766e-02  
   110       4   3.27367729e-07   7.34529843e-04  
   111       1   1.21446274e-02   5.27852528e+00  
   111       2   3.50629437e-05   8.84242011e-01  
   111       3   2.95025580e-06   3.33187005e-02  
   111       4   2.15610685e-07   2.32434855e-03  
   112       1   1.21918573e-02   6.10806441e+00  
   112       2   3.04558248e-05   3.78186394e-01  
   112       3   1.95259456e-06   4.43820622e-02  
   112       4   2.78279720e-07   3.65317934e-03  
   113       1   1.22415263e-02   5.99988423e+00  
   113       2   3.09840564e-05   2.80908419e-01  
   113       3   1.93469072e-06   1.25555992e-02  
   113       4   1.76343323e-07   2.07416684e-03  
   114       1   1.16750204e-02   4.34996774e+00  
   114       2   2.75940958e-05   3.11197715e-01  
   114       3   1.03162522e-06   3.37350751e-03  
   115       1   1.21828424e-02   3.60370054e+00  
   115       2   2.98273191e-05   2.55751038e-01  
   115       3   2.03726674e-06   5.74028782e-03  
   115       4   4.37256921e-07   8.52053886e-04  
   116       1   1.16604514e-02   3.24497432e+00  
   116       2   3.05919087e-05   6.72241007e-01  
   116       3   1.04256741e-06   5.14444233e-03  
   116       4   3.31975041e-07   8.28519253e-04  
   117       1   1.18217048e-02   3.13079012e+00  
   117       2   2.73894710e-05   3.16187803e-01  
   117       3   2.10045311e-06   9.55574267e-03  
   117       4   2.04288759e-07   7.06679726e-04  
   118       1   1.14610713e-02   3.24354438e+00  
   118       2   6.10649123e-05   2.08876282e-01  
   118       3   5.06711361e-06   1.22970540e-02  
   118       4   5.37966839e-07   5.50301777e-04  
   119       1   1.15137457e-02   3.47263487e+00  
   119       2   2.16612878e-05   1.22890840e-01  
   119       3   1.24560241e-06   1.72305555e-02  
   119       4   1.98997741e-07   3.58052090e-04  
   120       1   1.13483188e-02   3.66168102e+00  
   120       2   2.59943545e-05   2.76112105e-01  
   120       3   4.59983939e-06   5.94321014e-03  
   120       4   1.24252623e-07   1.34002552e-03  
   121       1   1.15572902e-02   4.11612188e+00  
   121       2   3.66588777e-05   1.69547379e-01  
   121       3   2.75757259e-06   1.25260006e-02  
   121       4   3.31923557e-07   1.23036143e-03  
   122       1   1.09460093e-02   3.98858189e+00  
   122       2   1.95311171e-05   1.44056442e-01  
   122       3   2.48205277e-06   1.20354571e-02  
   122       4   1.42982456e-07   2.51147735e-03  
   123       1   1.14784208e-02   4.31937214e+00  
   123       2   1.27022005e-05   8.88195689e-02  
   123       3   1.10096277e-06   6.11921182e-03  
   123       4   1.31293291e-07   7.02858579e-04  
   124       1   1.08983524e-02   4.09623246e+00  
   124       2   1.71602066e-05   2.30982201e-01  
   124       3   2.03114996e-06   9.27908385e-03  
   124       4   3.49733595e-07   1.47056168e-03  
   125       1   1.13503466e-02   4.51673276e+00  
   125       2   2.56396212e-05   2.53319850e-01  
   125       3   1.32271216e-06   1.26135861e-02  
   125       4   1.72054652e-07   6.49222670e-04  
   126       1   1.07626646e-02   4.33102874e+00  
   126       2   2.44922874e-05   2.00893422e-01  
   126       3   2.10572891e-06   9.92945998e-03  
   126       4   1.82193450e-07   2.21775161e-03  
   127       1   1.11718335e-02   5.60134681e+00  
   127       2   1.19306377e-05   1.53386085e-01  
   127       3   7.91780948e-07   5.91385302e-03  
   127       4   1.08177209e-07   1.03119443e-03  
   128       1   1.10405351e-02   5.83540725e+00  
   128       2   1.02233584e-05   2.43903785e-01  
   128       3   1.16216596e-06   1.37686307e-02  
   128       4   1.93681034e-07   2.54143400e-03  
   129       1   1.08272399e-02   5.23665005e+00  
   129       2   3.61044091e-05   3.54427230e-01  
   129       3   2.44332333e-06   1.07289047e-02  
   129       4   1.31133870e-07   7.28177745e-04  
   130       1   1.11847401e-02   4.78280658e+00  
   130       2   3.14085644e-05   6.57797321e-01  
   130       3   1.22951422e-06   3.70598693e-03  
   131       1   1.06230654e-02   4.03730370e+00  
   131       2   3.01823458e-05   3.30868627e-01  
   131       3   1.03600830e-06   2.93304436e-02  
   131       4   1.52562356e-07   1.26456085e-03  
   132       1   1.08296317e-02   4.91293655e+00  
   132       2   2.05203397e-05   2.01012295e-01  
   132       3   1.55041954e-06   1.10188146e-02  
   132       4   1.13748299e-07   1.42039944e-03  
   133       1   1.08646921e-02   4.70876120e+00  
   133       2   2.23974149e-05   2.50210857e-01  
   133       3   2.26297737e-06   1.62541679e-02  
   133       4   1.58006732e-07   2.10381152e-03  
   134       1   1.04624055e-02   5.67828495e+00  
   134       2   4.22652406e-05   4.79741491e-01  
   134       3   1.33160094e-06   7.00623361e-03  
   134       4   1.43178900e-07   1.29483552e-03  
   135       1   1.08370193e-02   5.36179116e+00  
   135       2   3.70589398e-05   5.04868943e-01  
   135       3   1.72994746e-06   1.16207287e-02  
   135       4   1.79322965e-07   1.24049011e-03  
   136       1   1.03096325e-02   6.04042016e+00  
   136       2   1.79238106e-05   5.71374427e-01  
   136       3   1.24377235e-06   1.87681535e-02  
   136       4   1.78936598e-07   5.69638897e-04  
   137       1   1.07124018e-02   6.03520441e+00  
   137       2   1.82978137e-05   4.93064292e-01  
   137       3   1.19797273e-06   6.55122431e-03  
   137       4   7.82426505e-08   1.58813420e-04  
   138       1   1.02336225e-02   5.35588757e+00  
   138       2   3.32588500e-05   4.02470165e-01  
   138       3   1.42635934e-06   9.51920684e-03  
   138       4   1.36504879e-07   7.84910929e-04  
   139       1   1.07899718e-02   5.20266961e+00  
   139       2   2.41531120e-05   2.46218455e-01  
   139       3   1.15967777e-06   1.39863721e-02  
   139       4   8.21902473e-08   7.42891714e-04  
   140       1   1.01583161e-02   4.25244030e+00  
   140       2   2.71701512e-05   3.00043341e-01  
   140       3   1.19635987e-06   5.37806654e-03  
   140       4   2.65746989e-07   8.86416731e-04  
   141       1   1.07874299e-02   4.36858006e+00  
   141       2   3.40100513e-05   3.63828492e-01  
   141       3   1.31492975e-06   8.09296527e-03  
   141       4   8.40585014e-08   1.09258213e-03  
   142       1   9.82597760e-03   4.11666339e+00  
   142       2   2.55585480e-05   2.02473476e-01  
   142       3   9.41513744e-07   1.82098097e-02  
   142       4   1.35398236e-07   1.15014877e-03  
   143       1   1.06432914e-02   5.31151940e+00  
   143       2   2.14818748e-05   1.70405484e-01  
   143       3   1.28343375e-06   9.43302050e-03  
   143       4   1.15444310e-07   2.22662365e-04  
   144       1   1.00310342e-02   5.53290919e+00  
   144       2   1.40927701e-05   3.12725720e-01  
   144       3   1.29952491e-06   1.85846997e-02  
   144       4   7.88100049e-08   2.80016216e-04  
   145       1   1.05104796e-02   5.81145146e+00  
   145       2   1.21101081e-05   7.25684487e-02  
   145       3   6.51915845e-07   3.89261545e-03  
   146       1   1.01007814e-02   5.62738898e+00  
   146       2   2.63931946e-05   3.71500275e-01  
   146       3   7.78490991e-07   7.91799787e-03  
   146       4   1.51294903e-07   3.79410490e-04  
   147       1   1.04261428e-02   5.00098462e+00  
   147       2   2.03007474e-05   1.77225105e-01  
   147       3   4.01186671e-07   7.48963351e-03  
   147       4   1.07726648e-07   1.25747218e-04  
   148       1   1.00439462e-02   5.81886932e+00  
   148       2   1.84560900e-05   1.44764515e-01  
   148       3   4.38073384e-07   1.71955570e-03  
   149       1   1.03376482e-02   5.53641829e+00  
   149       2   1.98084335e-05   2.49383398e-01  
   149       3   1.57091516e-06   6.82279882e-03  
   149       4   4.35379130e-08   5.56279617e-04  
   150       1   1.00105806e-02   6.03053532e+00  
   150       2   1.57162099e-05   3.75702172e-01  
   150       3   1.78829357e-06   2.12410943e-03  
   151       1   1.01565052e-02   5.56852370e+00  
   151       2   9.51658596e-06   2.25046555e-01  
   151       3   5.46767728e-07   5.34577185e-03  
   151       4   2.91907247e-08   4.76539172e-04  
   152       1   9.91865630e-03   6.10519317e+00  
   152       2   1.98609041e-05   1.54912923e-01  
   152       3   1.18219706e-06   2.33030736e-02  
   152       4   7.33713522e-08   8.38211399e-04  
   153       1   1.03020238e-02   6.04280696e+00  
   153       2   1.21233869e-05   3.14343778e-01  
   153       3   6.87927484e-07   5.98308779e-03  
   153       4   8.32948086e-08   2.45177428e-04  
   154       1   9.53736444e-03   4.77553737e+00  
   154       2   1.88692504e-05   2.68747589e-01  
   154       3   7.46593655e-07   9.63192431e-03  
   154       4   9.49541021e-08   1.34375848e-03  
   155       1   1.03519273e-02   4.55618546e+00  
   155       2   1.19467258e-05   1.87201718e-01  
   155       3   6.12808177e-07   2.79065737e-03  
   156       1   9.73497100e-03   4.36382559e+00  
   156       2   2.69077154e-05   4.52278291e-01  
   156       3   1.72768442e-06   8.20170835e-03  
   156       4   1.98531193e-07   6.27860976e-04  
   157       1   9.80977175e-03   6.10651590e+00  
   157       2   9.99870991e-06   1.02844613e-01  
   157       3   5.54348860e-07   4.80822288e-03  
   158       1   1.00962881e-02   6.03793416e+00  
   158       2   1.00866747e-05   3.29589228e-01  
   158       3   7.57857579e-07   4.24486336e-03  
   159       1   9.61706130e-03   4.97008046e+00  
   159       2   1.43475292e-05   1.11182686e-01  
   159       3   3.41775609e-07   3.77815114e-03  
   160       1   1.00000405e-02   5.44663205e+00  
   160       2   3.30260510e-05   2.27685588e-01  
   160       3   6.61407996e-07   7.00710768e-03  
   160       4   7.14862189e-08   4.46075938e-04  
   161       1   9.55948287e-03   5.06317969e+00  
   161       2   1.20695074e-05   7.48894794e-01  
   161       3   1.11762557e-06   2.30510825e-02  
   161       4   1.33454368e-07   7.27128493e-04  
   162       1   9.81018250e-03   6.08648033e+00  
   162       2   9.00269376e-06   1.08904949e-01  
   162       3   4.70592847e-07   2.36682040e-03  
   163       1   9.62661493e-03   5.81280663e+00  
   163       2   3.07070954e-05   2.63345220e-01  
   163       3   1.56287817e-06   7.17105525e-03  
   163       4   8.82412078e-08   1.10200912e-03  
   164       1   9.75625289e-03   6.10093581e+00  
   164       2   2.57347055e-05   1.39340079e-01  
   164       3   9.40082693e-07   5.95491760e-03  
   164       4   7.15860016e-08   4.39445548e-04  
   165       1   9.38767651e-03   5.57730954e+00  
   165       2   2.14100673e-05   3.13070495e-01  
   165       3   1.80072849e-06   1.46442107e-02  
   165       4   1.48662428e-07   1.70026876e-03  
   166       1   9.54653556e-03   5.36416143e+00  
   166       2   2.08835692e-05   1.08094614e-01  
   166       3   9.06066358e-07   9.60069967e-04  
   167       1   9.28385665e-03   4.22131019e+00  
   167       2   1.70987920e-05   3.17116673e-02  
   167       3   9.99156025e-07   1.10057284e-02  
   167       4   1.48452049e-07   3.50769883e-03  
   168       1   9.46911273e-03   3.91766540e+00  
   168       2   1.45878964e-05   2.59413367e-01  
   168       3   8.97206820e-07   7.51081137e-03  
   168       4   1.54373646e-07   2.82765089e-04  
   169       1   9.36613050e-03   3.58124620e+00  
   169       2   2.00750516e-05   1.25430562e+00  
   169       3   1.11472919e-06   6.86500722e-03  
   169       4   1.28755042e-07   1.47947627e-03  
   170       1   9.23373545e-03   3.85173919e+00  
   170       2   5.91481785e-06   3.35672484e-02  
   170       3   7.30465090e-07   1.42546559e-03  
   171       1   9.33741632e-03   4.11666386e+00  
   171       2   1.78869238e-05   2.67077932e-01  
   171       3   9.80989897e-07   2.13891127e-02  
   171       4   7.85180794e-08   1.53926644e-03  
   172       1   8.93499309e-03   5.64082928e+00  
   172       2   1.22679333e-05   1.03244881e-01  
   172       3   3.05151879e-06   1.79505781e-02  
   172       4   2.59662211e-07   3.34947310e-03  
   173       1   9.32035086e-03   5.87248084e+00  
   173       2   1.07435757e-05   3.38153569e-01  
   173       3   8.51970940e-07   6.99342383e-03  
   173       4   1.98146471e-07   2.09858283e-03  
   174       1   8.69369735e-03   5.82620054e+00  
   174       2   1.60834223e-05   1.18047353e-01  
   174       3   5.39621634e-07   6.42838876e-03  
   174       4   6.54904655e-08   1.14301209e-03  
   175       1   9.17912484e-03   6.16521248e+00  
   175       2   2.35073219e-05   7.70291052e-02  
   175       3   1.06259754e-06   9.56184903e-03  
   175       4   9.11079734e-08   1.78859411e-03  
   176       1   8.76703097e-03   5.93814181e+00  
   176       2   1.40452571e-05   7.31797943e-02  
   176       3   4.70544972e-07   1.07421871e-02  
   176       4   6.83960505e-08   1.50422984e-03  
   177       1   8.79111776e-03   5.77263485e+00  
   177       2   9.42336076e-06   3.37460250e-01  
   177       3   4.66729722e-07   1.41447517e-02  
   177       4   6.74246433e-08   7.50504911e-04  
   178       1   8.85341693e-03   5.91397530e+00  
   178       2   1.68738816e-05   1.53487725e-01  
   178       3   9.13272647e-07   4.01738385e-03  
   179       1   8.68275455e-03   4.99697466e+00  
   179       2   1.07709542e-05   5.42726133e-02  
   179       3   6.34421585e-07   6.39907528e-03  
   179       4   5.32114311e-08   8.21024295e-04  
   180       1   8.64629019e-03   5.55505321e+00  
   180       2   1.01514299e-05   3.22581837e-01  
   180       3   2.26768958e-06   1.02401784e-02  
   180       4   2.69712700e-07   3.18444643e-03  
   181       1   8.63754206e-03   4.81965166e+00  
   181       2   2.12340524e-05   4.53496875e-01  
   181       3   6.10771015e-07   1.40390791e-02  
   181       4   1.40494827e-07   1.64087018e-03  
   182       1   8.30633255e-03   5.47651019e+00  
   182       2   1.35078468e-05   5.43543216e-02  
   182       3   9.92806428e-07   2.27189146e-02  
   182       4   4.99492467e-08   1.38149489e-03  
   183       1   8.56925274e-03   5.08561713e+00  
   183       2   8.09847883e-06   1.86307602e-01  
   183       3   9.42633931e-07   4.40877143e-03  
   184       1   8.07808047e-03   5.69214433e+00  
   184       2   7.53187802e-06   2.59006020e-01  
   184       3   7.80563534e-07   8.84961691e-03  
   184       4   5.79316726e-08   3.69558715e-04  
   185       1   8.30199116e-03   5.41461225e+00  
   185       2   1.06618304e-05   1.35371130e-01  
   185       3   3.99604625e-07   8.26668718e-03  
   185       4   5.33098266e-08   6.11183448e-04  
   186       1   8.05092554e-03   5.83166591e+00  
   186       2   8.56485801e-06   4.06843113e-01  
   186       3   9.76380230e-07   1.32867636e-02  
   186       4   5.99833167e-08   1.73663740e-03  
   187       1   8.21013098e-03   5.34627561e+00  
   187       2   1.00498569e-05   2.48949902e-01  
   187       3   5.89514531e-07   1.44382574e-02  
   187       4   9.44168862e-08   6.05252734e-04  
   188       1   8.00553670e-03   5.74517628e+00  
   188       2   1.02685399e-05   1.01389535e-01  
   188       3   5.12237642e-07   2.24067746e-03  
   189       1   7.96620823e-03   4.85849869e+00  
   189       2   1.39672008e-05   4.39977913e-01  
   189       3   1.45526735e-06   1.39845635e-02  
   189       4   1.54090685e-07   1.65627725e-03  
   190       1   7.84522746e-03   4.46414354e+00  
   190       2   8.85750127e-06   7.48945008e-01  
   190       3   7.03568502e-07   1.49374891e-02  
   190       4   7.79921683e-08   7.68928389e-04  
   191       1   7.66702641e-03   3.65250091e+00  
   191       2   6.31977550e-06   1.94244418e-01  
   191       3   5.28719237e-07   4.77585859e-03  
   192       1   7.88695563e-03   3.24470219e+00  
   192       2   8.17909330e-06   1.07873236e-01  
   192       3   4.67114693e-07   9.84706322e-03  
   192       4   5.52736024e-08   1.63667141e-03  
   193       1   7.57129343e-03   3.29381674e+00  
   193       2   1.23603485e-05   1.16670785e-01  
   193       3   8.66713546e-07   2.07965789e-03  
   194       1   7.60052571e-03   4.12579430e+00  
   194       2   7.41329493e-06   1.45311240e-01  
   194       3   8.00316749e-07   3.18997340e-02  
   194       4   5.81653026e-08   8.52005835e-04  
   195       1   7.46661320e-03   4.83435631e+00  
   195       2   8.39204571e-06   3.47322747e-01  
   195       3   5.54806088e-07   5.91120788e-03  
   195       4   7.00185684e-08   2.55803735e-03  
   196       1   7.37268437e-03   6.09617302e+00  
   196       2   8.99749890e-06   3.96554481e-01  
   196       3   7.47245041e-07   9.48694829e-03  
   196       4   9.44645684e-08   3.60433524e-03  
   197       1   7.14762424e-03   5.96398937e+00  
   197       2   6.16553665e-06   4.25526064e-01  
   197       3   4.58536025e-07   4.50237544e-03  
   198       1   7.37751626e-03   5.11283246e+00  
   198       2   8.40158246e-06   8.80848489e-02  
   198       3   1.75431668e-06   1.15493558e-02  
   198       4   2.27869907e-07   2.36254815e-03  
   199       1   7.17027963e-03   4.41446325e+00  
   199       2   8.57160099e-06   1.20092373e-01  
   199       3   4.42640802e-07   5.57414221e-03  
   199       4   9.86924290e-08   7.34693300e-04  
   200       1   6.95326991e-03   3.38508496e+00  
   200       2   4.91915043e-06   1.90856586e-02  
   200       3   1.17533662e-06   6.86154465e-03  
   200       4   8.08299293e-08   6.90564547e-04  
   201       1   7.27287023e-03   2.64953606e+00  
   201       2   7.11969343e-06   1.17122738e-01  
   201       3   5.14336909e-07   5.95057559e-03  
   201       4   1.08429668e-07   1.62609812e-04  
   202       1   6.64242197e-03   2.56402662e+00  
   202       2   8.58061176e-06   2.45596336e-01  
   202       3   4.63958236e-07   1.54664882e-03  
   203       1   7.25461276e-03   2.20496987e+00  
   203       2   1.35793219e-05   9.51886652e-02  
   203       3   5.81662405e-07   3.64404787e-03  
   204       1   6.60583395e-03   2.48735785e+00  
   204       2   1.77754157e-05   6.57003811e-01  
   204       3   9.67306833e-07   1.55489050e-02  
   204       4   1.49135294e-07   7.35733164e-04  
   205       1   6.96306774e-03   2.44649136e+00  
   205       2   8.11842611e-06   1.25279065e-01  
   205       3   5.58836712e-07   1.07576679e-02  
   205       4   6.16556039e-08   6.65554368e-04  
   206       1   6.67129257e-03   2.95096388e+00  
   206       2   1.49446538e-05   1.93562086e-01  
   206       3   1.11166293e-06   1.56150401e-02  
   206       4   3.66811961e-08   5.49928909e-04  
   207       1   6.77944910e-03   3.51761863e+00  
   207       2   1.31554588e-05   1.55499011e-01  
   207       3   8.06102055e-07   2.40978103e-02  
   207       4   3.88114169e-08   9.96947531e-04  
   208       1   6.63370711e-03   3.80698990e+00  
   208       2   7.63115860e-06   1.84604809e-01  
   208       3   8.54800611e-07   6.55186138e-03  
   208       4   8.48219777e-08   1.47537340e-03  
   209       1   6.72497039e-03   3.99552380e+00  
   209       2   1.55543204e-05   7.89045705e-02  
   209       3   6.70527432e-07   5.56553228e-03  
   209       4   5.80329464e-08   5.67858474e-04  
   210       1   6.51034386e-03   3.68964511e+00  
   210       2   9.16191781e-06   1.75129776e-01  
   210       3   1.73530486e-06   2.11341991e-02  
   210       4   1.14962486e-07   1.08531782e-03  
   211       1   6.72899546e-03   3.52924698e+00  
   211       2   9.46017971e-06   1.69700905e-01  
   211       3   3.91605212e-07   6.83156301e-03  
   211       4   4.04626161e-08   7.75332160e-04  
   212       1   6.41939906e-03   3.48689844e+00  
   212       2   9.38596076e-06   1.81884214e-01  
   212       3   4.36655866e-07   7.94182301e-03  
   212       4   4.56252375e-08   4.75125777e-04  
   213       1   6.55381785e-03   3.88433092e+00  
   213       2   4.85659134e-06   1.34137221e-01  
   213       3   8.75638533e-07   1.77831480e-02  
   213       4   6.06823010e-08   1.29218429e-03  
   214       1   6.25089513e-03   4.19210465e+00  
   214       2   9.97022390e-06   5.26335492e-01  
   214       3   1.01840512e-06   4.04626007e-02  
   214       4   5.79573632e-08   2.66273858e-03  
   215       1   6.43789253e-03   5.51607927e+00  
   215       2   1.20892887e-05   2.62532985e-01  
   215       3   6.49421033e-07   1.85513411e-02  
   215       4   8.30076699e-08   1.09505749e-03  
   216       1   6.25215639e-03   5.50426326e+00  
   216       2   1.26291867e-05   1.20355357e-01  
   216       3   5.21618388e-07   3.27881561e-02  
   216       4   8.30790514e-08   6.27908763e-04  
   217       1   6.36999889e-03   6.05359532e+00  
   217       2   6.56571459e-06   1.50602361e-01  
   217       3   3.22265717e-07   4.76488477e-03  
   218       1   6.28480789e-03   5.77292253e+00  
   218       2   7.35085958e-06   1.47143952e-01  
   218       3   7.79489713e-07   1.74859287e-02  
   218       4   5.40792558e-08   2.02493035e-03  
   219       1   6.30053497e-03   5.91388883e+00  
   219       2   5.04272458e-06   1.19926020e-01  
   219       3   2.42429472e-07   8.71359161e-03  
   219       4   5.53533045e-08   5.46153887e-04  
   220       1   6.14290885e-03   5.41063507e+00  
   220       2   4.03742522e-06   7.90075514e-02  
   220       3   2.56794674e-07   4.55631816e-03  
   221       1   6.26663063e-03   5.79919735e+00  
   221       2   5.17483821e-06   2.29272485e-01  
   221       3   2.91387169e-07   2.08302285e-02  
   221       4   3.19285145e-08   4.98395895e-04  
   222       1   6.13295863e-03   5.47774458e+00  
   222       2   3.89673660e-06   1.89391756e-01  
   222       3   5.08147693e-07   4.51574898e-03  
   223       1   6.21213878e-03   6.10040297e+00  
   223       2   1.12951877e-05   2.58861424e-01  
   223       3   7.64963871e-07   4.70573087e-03  
   224       1   6.13936644e-03   5.96533894e+00  
   224       2   5.01468036e-06   9.34159801e-02  
   224       3   3.24736848e-07   4.18083463e-03  
   225       1   5.90765504e-03   4.40141647e+00  
   225       2   7.93738153e-06   1.40295067e-01  
   225       3   2.27628826e-07   4.00936709e-03  
   226       1   6.22772868e-03   3.45808644e+00  
   226       2   3.88114165e-06   5.81143133e-02  
   226       3   2.41537416e-07   6.07485775e-03  
   226       4   4.27074138e-08   9.08002006e-04  
   227       1   5.84448955e-03   3.02791675e+00  
   227       2   6.46822494e-06   5.21023943e-02  
   227       3   3.37280869e-07   1.44821556e-03  
   228       1   6.12301541e-03   2.61441174e+00  
   228       2   6.41147110e-06   2.56551800e-01  
   228       3   8.91186084e-07   1.28419121e-02  
   228       4   1.20551796e-07   8.29217818e-04  
   229       1   5.87873534e-03   2.69621472e+00  
   229       2   6.44188569e-06   2.79006467e-01  
   229       3   6.76879749e-07   3.17661983e-03  
   230       1   5.88424020e-03   2.66717550e+00  
   230       2   7.61044110e-06   1.56007458e-01  
   230       3   6.21260326e-07   9.61994106e-03  
   230       4   6.63461965e-08   6.31733690e-04  
   231       1   5.93405894e-03   2.97591769e+00  
   231       2   1.40154770e-05   5.39770711e-02  
   231       3   5.23025740e-07   3.70678926e-03  
   232       1   5.72993215e-03   3.72530411e+00  
   232       2   8.06602811e-06   6.28761134e-01  
   232       3   3.56918983e-07   3.21176463e-02  
   232       4   3.71729644e-08   8.27214521e-04  
   233       1   5.97622671e-03   4.61805558e+00  
   233       2   7.99319255e-06   1.55599453e-01  
   233       3   9.31708201e-07   4.36476672e-02  
   233       4   1.06773392e-07   8.37493309e-04  
   234       1   5.64885870e-03   6.00663911e+00  
   234       2   1.01437621e-05   2.15262729e-01  
   234       3   6.91660565e-07   1.85267322e-02  
   234       4   7.24732771e-08   3.12833819e-03  
   235       1   5.96433598e-03   5.35939706e+00  
   235       2   9.16219742e-06   7.88971176e-01  
   235       3   1.19931539e-06   1.29477268e-02  
   235       4   7.89578993e-08   4.31103568e-03  
   236       1   5.58654135e-03   4.38748066e+00  
   236       2   1.36180181e-05   7.16691614e-01  
   236       3   5.36609944e-07   4.96783339e-03  
   237       1   5.71856723e-03   5.34582733e+00  
   237       2   1.32011367e-05   2.86611111e-01  
   237       3   8.38057988e-07   1.79565190e-02  
   237       4   6.02653624e-07   9.29968407e-03  
   237       5   1.33923278e-07   3.25626217e-04  
   238       1   5.64102715e-03   5.30379732e+00  
   238       2   1.22500429e-05   4.40863526e-01  
   238       3   9.48824650e-07   2.89423093e-02  
   238       4   8.47368958e-08   1.04531148e-03  
   239       1   5.59124081e-03   6.06650375e+00  
   239       2   1.05987085e-05   5.58004135e-02  
   239       3   4.56562515e-07   1.39330384e-02  
   239       4   1.15924716e-07   1.37644660e-03  
   240       1   5.62147975e-03   5.89674588e+00  
   240       2   6.90289761e-06   3.78862138e-01  
   240       3   2.83674882e-07   6.99828365e-03  
   240       4   4.90678472e-08   2.57874699e-04  
   241       1   5.69477719e-03   5.64486444e+00  
   241       2   3.97431819e-06   1.31113003e-01  
   241       3   5.09191287e-07   1.89670767e-02  
   241       4   7.16295185e-08   1.96044928e-03  
   242       1   5.56012654e-03   4.48775135e+00  
   242       2   4.59788445e-06   6.56878169e-02  
   242       3   4.37668781e-07   9.45605405e-03  
   242       4   2.58278342e-08   1.07272087e-03  
   243       1   5.57829211e-03   4.47692205e+00  
   243       2   7.97367994e-06   1.97404390e-01  
   243       3   5.97956661e-07   6.39846326e-03  
   243       4   9.56354665e-08   1.82390659e-03  
   244       1   5.47228201e-03   4.32521597e+00  
   244       2   4.99056362e-06   1.87932848e-01  
   244       3   4.21353854e-07   1.62344922e-02  
   244       4   3.71748983e-08   1.42270730e-03  
   245       1   5.33956917e-03   5.53463218e+00  
   245       2   3.05804724e-06   2.59715385e-01  
   245       3   3.07463584e-07   1.16764382e-02  
   245       4   5.42219994e-08   1.90704046e-03  
   246       1   5.54166378e-03   5.62951625e+00  
   246       2   4.93186109e-06   1.23807603e-01  
   246       3   2.73427741e-07   5.64766758e-03  
   246       4   2.85823335e-08   8.87053453e-04  
   247       1   5.34805859e-03   6.00566071e+00  
   247       2   4.17220632e-06   6.75670792e-02  
   247       3   2.33728600e-07   7.28394884e-03  
   247       4   3.90304744e-08   4.39282911e-04  
   248       1   5.39851065e-03   6.00787428e+00  
   248       2   3.18662420e-06   1.77978583e-01  
   248       3   3.27516630e-07   7.82111686e-03  
   248       4   5.92419739e-08   9.33807992e-04  
   249       1   5.38330938e-03   6.01278394e+00  
   249       2   4.74142697e-06   1.78872600e-02  
   249       3   4.03489623e-07   1.60023569e-02  
   249       4   1.65144799e-08   1.06233459e-03  
   250       1   5.33014235e-03   6.02132951e+00  
   250       2   3.18412427e-06   8.38905278e-02  
   250       3   4.28296590e-07   1.69351309e-02  
   250       4   5.05813989e-08   2.06774797e-03  
   251       1   5.44326943e-03   5.59239650e+00  
   251       2   5.81143293e-06   7.64606160e-02  
   251       3   1.89821294e-07   1.29207473e-02  
   251       4   5.15596551e-08   1.16023895e-03  
   252       1   5.37402808e-03   4.92527616e+00  
   252       2   3.44441343e-06   7.13348772e-02  
   252       3   1.99785768e-07   1.25260955e-02  
   252       4   5.12761281e-08   7.49516120e-04  
   253       1   5.26344846e-03   3.71133616e+00  
   253       2   3.32203877e-06   6.73290122e-02  
   253       3   4.13167878e-07   1.13550652e-02  
   253       4   8.45902769e-08   8.37391186e-04  
   254       1   5.38197057e-03   3.07598515e+00  
   254       2   5.33055666e-06   2.56049312e-02  
   254       3   3.83159207e-07   2.34039393e-03  
   255       1   5.06089015e-03   2.91241203e+00  
   255       2   6.28973202e-06   5.79244037e-02  
   255       3   7.37977633e-07   9.51946842e-03  
   255       4   5.27771131e-08   5.75264555e-04  
   256       1   5.31460928e-03   2.81101617e+00  
   256       2   1.07097741e-05   1.08324380e-01  
   256       3   4.10100165e-07   4.26992396e-03  
   257       1   5.06236235e-03   3.18483455e+00  
   257       2   6.59174940e-06   1.36241201e-01  
   257       3   1.03487320e-06   4.81198732e-03  
   258       1   5.25113573e-03   4.14530870e+00  
   258       2   3.45115166e-06   1.75798134e-01  
   258       3   6.70401219e-07   9.51387677e-03  
   258       4   4.49043925e-08   9.99812078e-04  
   259       1   5.07024410e-03   4.72488018e+00  
   259       2   5.03831083e-06   5.47959726e-01  
   259       3   8.33224246e-07   1.80017655e-02  
   259       4   9.30350192e-08   4.95095463e-03  
   260       1   5.08442387e-03   5.90372261e+00  
   260       2   4.53332699e-06   2.97160905e-01  
   260       3   6.75634044e-07   9.97084338e-03  
   260       4   1.06740612e-07   3.08197429e-03  
   261       1   5.10470182e-03   5.79134526e+00  
   261       2   9.97912753e-06   4.56115679e-01  
   261       3   7.26862358e-07   1.58492765e-02  
   261       4   9.00598381e-08   2.03554372e-03  
   262       1   4.92362561e-03   5.97651986e+00  
   262       2   7.93267823e-06   5.51147187e-01  
   262       3   5.58592719e-07   1.81847145e-02  
   262       4   7.13715887e-08   9.22104725e-04  
   263       1   5.16340755e-03   6.09970896e+00  
   263       2   7.59260148e-06   1.01268403e+00  
   263       3   1.69291422e-06   2.08862392e-02  
   263       4   1.38106707e-07   2.70746498e-03  
   264       1   4.83766167e-03   5.54829738e+00  
   264       2   6.44001100e-06   2.60324160e-01  
   264       3   2.91642263e-07   4.68678484e-03  
   265       1   5.14765706e-03   5.98284674e+00  
   265       2   3.05281634e-06   9.39230695e-02  
   265       3   3.33656999e-07   1.85175151e-03  
   266       1   4.84830851e-03   5.48823904e+00  
   266       2   7.49129463e-06   3.76644376e-01  
   266       3   4.43377735e-07   2.25613228e-02  
   266       4   6.86531803e-08   9.36609664e-04  
   267       1   5.07963412e-03   5.97629019e+00  
   267       2   6.74003287e-06   3.20452705e-02  
   267       3   2.93816155e-07   4.38320170e-03  
   268       1   4.67949547e-03   5.44076858e+00  
   268       2   5.72333183e-06   5.08278264e-02  
   268       3   5.35446495e-07   5.76595968e-03  
   268       4   7.52367965e-08   1.76832135e-03  
   269       1   5.09675117e-03   5.65786071e+00  
   269       2   4.74601539e-06   4.29558680e-02  
   269       3   5.98537542e-07   4.35034517e-03  
   270       1   4.66745866e-03   5.01918095e+00  
   270       2   6.85932329e-06   3.58991615e-02  
   270       3   5.66784218e-07   4.33360267e-02  
   270       4   6.73486877e-08   2.34811738e-03  
   271       1   5.07989522e-03   5.66029629e+00  
   271       2   4.76787799e-06   1.91336662e-01  
   271       3   2.84623082e-07   1.48551474e-02  
   271       4   3.39946435e-08   7.99583778e-04  
   272       1   4.66060874e-03   5.62021070e+00  
   272       2   3.36148788e-06   1.65292369e-01  
   272       3   3.04102660e-07   9.27414527e-04  
   273       1   4.88957927e-03   5.92567359e+00  
   273       2   9.31325188e-06   4.20216259e-02  
   273       3   5.06479052e-07   1.90594565e-02  
   273       4   5.77695563e-08   1.30314061e-03  
   274       1   4.70182901e-03   5.40802802e+00  
   274       2   5.59032921e-06   4.15204997e-01  
   274       3   4.38621795e-07   1.20172550e-02  
   274       4   7.84643291e-08   7.28531951e-04  
   275       1   4.76641781e-03   4.35013961e+00  
   275       2   4.16495190e-06   1.55595697e-01  
   275       3   2.44940359e-07   4.04640549e-03  
   276       1   4.66818473e-03   4.23583315e+00  
   276       2   5.30350714e-06   9.76398213e-02  
   276       3   3.79109076e-07   3.90159222e-03  
   277       1   4.71437699e-03   4.26846406e+00  
   277       2   6.65471478e-06   2.96117957e-02  
   277       3   7.29278397e-07   1.94010000e-02  
   277       4   1.12090882e-07   1.39572581e-03  
   278       1   4.52523137e-03   5.32071115e+00  
   278       2   4.99772724e-06   3.06406078e-01  
   278       3   7.02198902e-07   1.94087986e-02  
   278       4   4.81873676e-08   2.65019408e-03  
   279       1   4.66921920e-03   6.03889126e+00  
   279       2   4.59395948e-06   8.87514907e-02  
   279       3   3.46575755e-07   3.54820713e-03  
   280       1   4.44195673e-03   4.22579816e+00  
   280       2   7.86843109e-06   6.07318383e-02  
   280       3   4.39790721e-07   5.09978299e-03  
   280       4   1.78925941e-07   1.86768870e-03  
   281       1   4.83599861e-03   3.08318518e+00  
   281       2   6.16100181e-06   1.38300509e-01  
   281       3   5.90628435e-07   2.98556464e-03  
   282       1   4.47155766e-03   2.72597326e+00  
   282       2   7.81174027e-06   4.44742146e-02  
   282       3   3.01798171e-07   1.59618703e-03  
   283       1   4.75458318e-03   2.34162440e+00  
   283       2   5.76701983e-06   8.00726018e-02  
   283       3   5.75634011e-07   1.73277247e-02  
   283       4   4.78714090e-08   3.93127494e-04  
   284       1   4.49237843e-03   2.61068610e+00  
   284       2   1.02218623e-05   2.14727223e-01  
   284       3   6.10733829e-07   2.57196488e-02  
   284       4   1.84295445e-07   1.47264049e-03  
   285       1   4.53640953e-03   3.18608679e+00  
   285       2   2.64285789e-06   7.03464139e-02  
   285       3   4.59811407e-07   1.01174530e-02  
   285       4   4.10639644e-08   1.16729439e-03  
   286       1   4.61368152e-03   4.43528325e+00  
   286       2   4.32876901e-06   6.60649938e-01  
   286       3   3.67411173e-07   1.49359828e-02  
   286       4   6.07260949e-08   1.04529917e-03  
   287       1   4.46715358e-03   6.00048131e+00  
   287       2   8.49163958e-06   4.98369889e-01  
   287       3   3.60847963e-07   7.34321394e-03  
   287       4   4.22138791e-08   9.71613761e-04  
   288       1   4.55925638e-03   6.08495400e+00  
   288       2   4.41927038e-06   3.44162362e-01  
   288       3   4.93598489e-07   4.53959910e-03  
   289       1   4.54245931e-03   5.96569461e+00  
   289       2   5.37021233e-06   6.66003315e-01  
   289       3   2.96747359e-07   1.07750739e-02  
   289       4   8.85164480e-08   3.00483228e-03  
   290       1   4.48610964e-03   5.73931157e+00  
   290       2   5.58691215e-06   3.67692085e-01  
   290       3   1.15810651e-06   3.32052916e-02  
   290       4   7.71081346e-08   2.09707419e-03  
   291       1   4.53721204e-03   5.71960473e+00  
   291       2   6.32447424e-06   3.18220303e-01  
   291       3   4.30010565e-07   7.33179718e-03  
   291       4   9.61441706e-08   7.16176149e-04  
   292       1   4.39273391e-03   4.95033648e+00  
   292       2   4.49135260e-06   4.07481610e-02  
   292       3   4.68773444e-07   1.06332694e-03  
   293       1   4.50063162e-03   5.21963112e+00  
   293       2   6.96833312e-06   4.39263494e-02  
   293       3   8.42035016e-07   1.86566194e-02  
   293       4   1.49182777e-07   1.04829176e-03  
   294       1   4.41188587e-03   4.49928987e+00  
   294       2   3.94877141e-06   1.01173651e-01  
   294       3   2.50654736e-07   1.04350243e-02  
   294       4   5.60611897e-08   5.43759046e-04  
   295       1   4.51612912e-03   4.30373646e+00  
   295       2   4.05612542e-06   1.20276670e-01  
   295       3   2.48030416e-07   1.10121328e-02  
   295       4   7.47274893e-08   6.54959579e-04  
   296       1   4.28401346e-03   3.59938409e+00  
   296       2   5.88712706e-06   8.81988502e-02  
   296       3   3.40284206e-07   9.69132731e-03  
   296       4   3.85169966e-08   1.27468962e-03  
   297       1   4.56835502e-03   3.09309677e+00  
   297       2   3.62627248e-06   6.90556136e-02  
   297       3   2.99515508e-07   2.94427449e-03  
   298       1   4.17547968e-03   2.94402171e+00  
   298       2   4.83917064e-06   8.17537300e-03  
   298       3   2.01299058e-07   6.54042919e-03  
   298       4   5.49462947e-08   7.84763960e-04  
   299       1   4.58182528e-03   2.72976222e+00  
   299       2   2.69780642e-06   3.52917735e-02  
   299       3   5.87189559e-07   5.05901296e-03  
   299       4   8.07041551e-08   1.24210346e-03  
   300       1   4.24648775e-03   2.99374449e+00  
   300       2   7.05664773e-06   9.33710527e-01  
   300       3   4.94313713e-07   7.05521753e-03  
   300       4   1.57036592e-07   1.03552748e-03  
   301       1   4.54041127e-03   3.33625344e+00  
   301       2   7.69867369e-06   2.79409427e-02  
   301       3   5.78239675e-07   1.64492720e-02  
   301       4   8.96693755e-08   1.52333758e-03  
   302       1   4.26557297e-03   3.68483442e+00  
   302       2   6.42915311e-06   4.38645850e-02  
   302       3   5.42882063e-07   2.11341348e-02  
   302       4   6.03837173e-08   8.03590836e-04  
   303       1   4.42225355e-03   4.18256322e+00  
   303       2   8.04086950e-06   5.82693881e-01  
   303       3   1.43863919e-06   1.91877997e-02  
   303       4   1.29990769e-07   2.51110817e-03  
   304       1   4.34130046e-03   4.20042876e+00  
   304       2   6.51792737e-06   7.75538140e-02  
   304       3   3.02981341e-07   1.04384076e-02  
   304       4   4.78876306e-08   8.21463790e-04  
   305       1   4.41521909e-03   5.14565449e+00  
   305       2   6.68251549e-06   3.53271415e-02  
   305       3   2.38000552e-07   2.32067707e-02  
   305       4   3.01009014e-08   1.18196766e-03  
   306       1   4.43659324e-03   5.78902456e+00  
   306       2   3.12474839e-06   1.08086494e-01  
   306       3   2.01091205e-07   2.61704989e-03  
   307       1   4.27524089e-03   5.29950363e+00  
   307       2   7.83432388e-06   6.40560716e-02  
   307       3   2.74389577e-07   6.42233592e-03  
   307       4   2.66337278e-08   1.27948407e-03  
   308       1   4.30510874e-03   4.18951178e+00  
   308       2   3.82088378e-06   2.50472661e-02  
   308       3   4.55395033e-07   1.11836807e-02  
   308       4   1.60012897e-08   3.35147655e-04  
   309       1   4.26874680e-03   3.35505935e+00  
   309       2   3.05004911e-06   5.99331421e-02  
   309       3   1.87626691e-07   2.54821825e-03  
   310       1   4.26349022e-03   2.93755516e+00  
   310       2   2.69208959e-06   3.24036395e-02  
   310       3   3.50020975e-07   1.31059747e-03  
   311       1   4.35192088e-03   2.80546657e+00  
   311       2   3.30286002e-06   1.11839616e-01  
   311       3   3.88269805e-07   3.41183203e-03  
   312       1   4.33474466e-03   2.44366040e+00  
   312       2   2.62879272e-06   2.63944899e-02  
   312       3   1.71633643e-07   1.17947505e-03  
   313       1   4.31873303e-03   2.52315153e+00  
   313       2   4.10106851e-06   8.81961758e-03  
   313       3   4.78483075e-07   2.11589531e-03  
   314       1   4.39721212e-03   2.27714043e+00  
   314       2   4.55136652e-06   3.15604889e-02  
   314       3   3.05552061e-07   8.16476708e-03  
   314       4   7.17932683e-08   5.27087022e-05  
   315       1   4.20271436e-03   2.37185097e+00  
   315       2   3.51574520e-06   6.78303026e-02  
   315       3   8.29141786e-07   4.22914290e-03  
   316       1   4.33887092e-03   2.21815634e+00  
   316       2   8.05207462e-06   1.22646063e-01  
   316       3   4.76934873e-07   1.75498333e-03  
   317       1   4.16613359e-03   2.41855197e+00  
   317       2   3.67889683e-06   4.12925658e-02  
   317       3   6.14334197e-07   3.10901339e-03  
   318       1   4.25941643e-03   2.42116207e+00  
   318       2   6.96529114e-06   4.53370265e-01  
   318       3   6.49309493e-07   4.45812741e-03  
   319       1   4.11036707e-03   2.86527065e+00  
   319       2   9.22521546e-06   1.67742677e-01  
   319       3   5.07718346e-07   7.87270501e-03  
   319       4   6.31073534e-08   1.33438252e-03  
   320       1   4.24018764e-03   3.13325720e+00  
   320       2   4.41632661e-06   9.90550048e-02  
   320       3   3.87287385e-07   3.85055110e-03  
   321       1   4.07293721e-03   3.51888902e+00  
   321       2   8.30585997e-06   1.54381169e+00  
   321       3   3.19062404e-07   1.00457229e-02  
   321       4   5.34749150e-08   2.10730507e-03  
   322       1   4.23491884e-03   3.75799385e+00  
   322       2   9.13457506e-06   3.57692525e-01  
   322       3   1.03492740e-06   1.15017674e-02  
   322       4   1.30704135e-07   1.64187559e-03  
   323       1   4.03957222e-03   3.77089629e+00  
   323       2   4.38418040e-06   1.63649479e-01  
   323       3   2.27656746e-07   7.93358387e-03  
   323       4   4.29879759e-08   6.01197359e-04  
   324       1   4.24699519e-03   4.00801227e+00  
   324       2   5.62944463e-06   4.68592389e-02  
   324       3   3.46069108e-07   1.13474147e-02  
   324       4   2.35031782e-08   3.77726691e-04  
   325       1   4.03528584e-03   4.22030945e+00  
   325       2   3.79911021e-06   4.79051606e-01  
   325       3   3.10977816e-07   1.96077302e-02  
   325       4   3.33814372e-08   8.49558577e-04  
   326       1   4.07210179e-03   5.97927776e+00  
   326       2   5.38297121e-06   2.07812374e-01  
   326       3   2.88192450e-07   4.59075113e-03  
   327       1   4.02609733e-03   5.29186397e+00  
   327       2   5.14934072e-06   8.62735373e-02  
   327       3   4.11292934e-07   1.36068441e-02  
   327       4   2.35735497e-08   7.02870570e-04  
   328       1   3.93705217e-03   3.44985460e+00  
   328       2   5.65575561e-06   2.32960203e-02  
   328       3   2.55273558e-07   4.31925736e-03  
   329       1   4.22670342e-03   2.63758049e+00  
   329       2   2.85860466e-06   7.69014280e-02  
   329       3   4.31941650e-07   6.65241941e-03  
   329       4   7.58945844e-08   6.00787000e-04  
   330       1   3.92316926e-03   2.49203253e+00  
   330       2   6.49840359e-06   1.13716239e-01  
   330       3   3.43586148e-07   7.35883553e-03  
   330       4   7.20428876e-08   5.45801760e-04  
   331       1   4.14378484e-03   2.31278158e+00  
   331       2   5.27605781e-06   6.73227835e-02  
   331       3   4.33097518e-07   1.53953193e-02  
   331       4   2.59984296e-08   5.18386299e-04  
   332       1   3.91552459e-03   2.67114986e+00  
   332       2   4.90664019e-06   7.27422831e-02  
   332       3   3.25756273e-07   1.64207736e-02  
   332       4   6.41818502e-08   7.25903687e-04  
   333       1   3.97187782e-03   3.74137086e+00  
   333       2   4.02145772e-06   6.27515527e-02  
   333       3   3.72030043e-07   7.31406819e-03  
   333       4   3.28537033e-08   9.71946318e-04  
   334       1   4.05010627e-03   5.40170772e+00  
   334       2   3.54638668e-06   2.34224495e-01  
   334       3   2.76054135e-07   2.88229274e-02  
   334       4   5.64557139e-08   1.97144695e-03  
   335       1   3.92292281e-03   5.56451696e+00  
   335       2   2.63003710e-06   9.37181224e-02  
   335       3   1.89661503e-07   2.65977359e-03  
   336       1   4.04966715e-03   5.41941892e+00  
   336       2   3.89748900e-06   7.83216769e-02  
   336       3   4.48323449e-07   3.06876511e-02  
   336       4   4.15298372e-08   3.00628252e-03  
   337       1   3.89469523e-03   5.27346702e+00  
   337       2   3.56622295e-06   1.41581506e-01  
   337       3   6.44960339e-07   1.45278833e-02  
   337       4   3.13721407e-08   1.24245724e-03  
   338       1   3.89739714e-03   6.11737484e+00  
   338       2   3.30413830e-06   7.97622176e-02  
   338       3   2.26985701e-07   6.25970390e-03  
   338       4   2.95697501e-08   1.10263448e-03  
   339       1   3.83862253e-03   5.72425899e+00  
   339       2   3.52364046e-06   3.85717432e-02  
   339       3   6.55610727e-07   1.53307735e-02  
   339       4   7.86161557e-08   2.17090062e-03  
   340       1   3.86249117e-03   4.76470804e+00  
   340       2   4.04015600e-06   1.62016837e-01  
   340       3   7.21719758e-07   2.41943901e-02  
   340       4   4.79328825e-08   6.83567142e-04  
   341       1   3.81990920e-03   4.52264942e+00  
   341       2   3.79401591e-06   6.10861805e-01  
   341       3   2.65338197e-07   1.97207142e-02  
   341       4   7.13284794e-08   2.26286853e-03  
   342       1   3.86215010e-03   3.97528515e+00  
   342       2   2.95356267e-06   6.03475409e-02  
   342       3   1.70158903e-07   3.62018826e-03  
   343       1   3.83162115e-03   3.82816205e+00  
   343       2   3.15049640e-06   6.23745128e-02  
   343       3   1.77895225e-07   8.01812422e-03  
   343       4   4.45616827e-08   3.71697230e-04  
   344       1   3.86405111e-03   3.53958584e+00  
   344       2   3.87431875e-06   3.26345109e-01  
   344       3   5.33544180e-07   3.00898273e-03  
   345       1   3.86815637e-03   3.86403210e+00  
   345       2   2.31586012e-06   3.01240671e-02  
   345       3   2.72016580e-07   4.49653313e-03  
   346       1   3.83620798e-03   4.34813420e+00  
   346       2   3.51348540e-06   9.41478224e-02  
   346       3   2.74270008e-07   1.98154462e-03  
   347       1   3.81393219e-03   6.08337475e+00  
   347       2   2.93573972e-06   1.04859285e-01  
   347       3   1.63235933e-07   5.90006445e-03  
   347       4   6.31661641e-08   3.18718659e-03  
   348       1   3.82475274e-03   5.66053497e+00  
   348       2   6.10037833e-06   2.26016235e-01  
   348       3   4.96788422e-07   1.67714294e-02  
   348       4   7.34107170e-08   3.88906275e-04  
   349       1   3.78531412e-03   4.53277815e+00  
   349       2   3.45694069e-06   1.51669705e-01  
   349       3   3.30543906e-07   1.61086130e-02  
   349       4   3.12965492e-08   1.15050792e-03  
   350       1   3.71166479e-03   4.43782638e+00  
   350       2   3.14589274e-06   1.16639593e-01  
   350       3   1.56386362e-07   1.46349771e-02  
   350       4   2.83700644e-08   1.47802568e-03  
   351       1   3.72811943e-03   4.14361298e+00  
   351       2   4.65020815e-06   2.81961081e-02  
   351       3   1.52336078e-07   1.80686589e-03  
   352       1   3.76427180e-03   4.18245613e+00  
   352       2   3.86086563e-06   5.94873870e-02  
   352       3   1.94318898e-07   2.26998830e-03  
   353       1   3.76388374e-03   3.75294404e+00  
   353       2   2.22077284e-06   1.27302395e-01  
   353       3   4.40052018e-07   1.42183787e-03  
   354       1   3.83927447e-03   3.52471403e+00  
   354       2   3.50046064e-06   3.19479196e-02  
   354       3   4.14726102e-07   6.32972295e-03  
   354       4   3.44858468e-08   7.37335596e-04  
   355       1   3.73373508e-03   3.30479458e+00  
   355       2   7.63030521e-06   3.20951421e-01  
   355       3   2.69614153e-07   1.09384450e-02  
   355       4   6.19342986e-08   9.26580754e-04  
   356       1   3.66188160e-03   3.53304176e+00  
   356       2   5.03435954e-06   2.03421526e-01  
   356       3   5.76426192e-07   1.30964940e-02  
   356       4   9.13884049e-08   1.25636746e-03  
   357       1   3.75693984e-03   4.16634990e+00  
   357       2   3.73865094e-06   1.56270668e-01  
   357       3   4.39727527e-07   6.84628639e-03  
   357       4   2.51319057e-08   1.22162204e-03  
   358       1   3.52109452e-03   6.01789459e+00  
   358       2   2.73685771e-06   7.71311840e-02  
   358       3   4.47994051e-07   8.00576033e-03  
   358       4   1.72666360e-08   1.52049515e-03  
   359       1   3.88157895e-03   5.24379249e+00  
   359       2   3.12469846e-06   1.31245099e-01  
   359       3   3.23250305e-07   4.13005847e-03  
   360       1   3.51072951e-03   3.63439485e+00  
   360       2   3.17005017e-06   7.30374361e-02  
   360       3   3.33031669e-07   9.07042195e-03  
   360       4   6.66613528e-08   1.33804071e-03  
   361       1   3.84066949e-03   2.95439563e+00  
   361       2   9.19322705e-06   1.04144201e-01  
   361       3   7.98369988e-07   3.05899524e-03  
   362       1   3.47846307e-03   2.72070895e+00  
   362       2   3.00527342e-06   1.22394294e-01  
   362       3   2.91034236e-07   2.57075157e-03  
   363       1   3.76145316e-03   2.47206057e+00  
   363       2   3.02474906e-06   2.16906856e-02  
   363       3   2.38289364e-07   1.55090746e-03  
   364       1   3.54957879e-03   2.52813153e+00  
   364       2   6.89942724e-06   1.48610709e-02  
   364       3   4.00522095e-07   1.94311933e-02  
   364       4   3.53066642e-08   5.06649957e-04  
   365       1   3.73358738e-03   2.32501220e+00  
   365       2   2.76683803e-06   4.71091439e-02  
   365       3   2.83174540e-07   5.30833767e-04  
   366       1   3.51217665e-03   2.45660412e+00  
   366       2   5.88486356e-06   1.38443829e-01  
   366       3   1.09628472e-06   8.96039148e-03  
   366       4   5.66458368e-08   8.75870135e-04  
   367       1   3.63247665e-03   2.32670448e+00  
   367       2   5.74006078e-06   7.92837343e-02  
   367       3   3.21840606e-07   6.08682753e-03  
   367       4   8.07736927e-08   6.43126989e-04  
   368       1   3.52255408e-03   2.53557226e+00  
   368       2   2.85267440e-06   1.69021824e-01  
   368       3   5.72386977e-07   7.33598386e-03  
   368       4   8.65729518e-08   7.23291379e-04  
   369       1   3.58927432e-03   2.74387951e+00  
   369       2   5.23106810e-06   8.06442038e-02  
   369       3   1.77846862e-07   4.21777417e-03  
   370       1   3.56898351e-03   3.64239621e+00  
   370       2   1.81891946e-06   2.18310869e-01  
   370       3   3.73377402e-07   7.62000381e-03  
   370       4   5.32009836e-08   7.11713770e-03  
   370       5   7.76712000e-09   2.35359650e-03  
   371       1   3.53691967e-03   6.07626931e+00  
   371       2   3.93946494e-06   2.66927265e-01  
   371       3   2.06127313e-07   2.62506691e-02  
   371       4   9.35062882e-08   8.43640259e-03  
   371       5   3.60881995e-08   6.19668043e-03  
   371       6   2.98994303e-08   3.78586642e-03  
   372       1   3.65774844e-03   5.29426470e+00  
   372       2   5.41111112e-06   5.12481267e-01  
   372       3   5.62555914e-07   1.62673990e-01  
   372       4   2.36563864e-07   1.60453370e-02  
   372       5   5.42083579e-08   1.05599925e-02  
   372       6   2.93506016e-08   3.14176519e-03  
   373       1   3.51829492e-03   4.02368212e+00  
   373       2   4.46733143e-06   3.00436617e-01  
   373       3   3.10157529e-07   2.78127611e-02  
   373       4   2.98079646e-08   3.45185988e-03  
   374       1   3.64939813e-03   4.02522828e+00  
   374       2   4.33593063e-06   2.87826202e-01  
   374       3   2.50090700e-07   5.94204328e-02  
   374       4   6.99554159e-08   4.59713198e-03  
   375       1   3.57874137e-03   4.55793335e+00  
   375       2   3.37375820e-06   5.75763902e-01  
   375       3   1.47678345e-07   5.31687128e-02  
   375       4   3.27295745e-08   8.20230525e-03  
   375       5   1.28427449e-08   2.37825112e-03  
   376       1   3.63986946e-03   6.14445052e+00  
   376       2   3.63356071e-06   4.54358320e-01  
   376       3   1.66386344e-07   6.85775532e-02  
   376       4   7.84142282e-08   1.14093508e-02  
   376       5   1.99456532e-08   5.19172765e-03  
   376       6   1.11519311e-08   1.15661568e-03  
   377       1   3.70294292e-03   5.41088840e+00  
   377       2   4.36795566e-06   6.39024884e-01  
   377       3   1.92672431e-07   2.65885680e-02  
   377       4   1.28756581e-07   1.20315331e-02  
   377       5   4.71277178e-08   2.94636645e-03  
   378       1   3.59206885e-03   4.29966003e+00  
   378       2   4.94079109e-06   5.34129574e-01  
   378       3   1.94556854e-07   5.21506977e-02  
   378       4   4.23054410e-08   1.82351140e-02  
   378       5   8.91524266e-09   1.84369681e-03  
   379       1   3.60435828e-03   4.55054761e+00  
   379       2   4.31891174e-06   3.27001569e-01  
   379       3   3.71834149e-07   3.30109931e-02  
   379       4   5.23949842e-08   5.21433914e-03  
   379       5   1.06890086e-08   2.05656321e-03  
   380       1   3.52272484e-03   5.15568813e+00  
   380       2   4.22821433e-06   4.37999275e-01  
   380       3   2.55910419e-07   1.19281600e-01  
   380       4   1.99125148e-07   3.43372964e-03  
   381       1   3.41009799e-03   5.91623735e+00  
   381       2   7.54951410e-06   3.81877293e-01  
   381       3   4.22685231e-07   1.17167735e-01  
   381       4   4.03755401e-08   1.05116444e-02  
   381       5   1.10739246e-08   5.79486467e-04  
   382       1   3.61070498e-03   4.95388501e+00  
   382       2   5.43164537e-06   5.71102432e-01  
   382       3   4.19531771e-07   5.75884766e-02  
   382       4   4.41045757e-08   1.08205344e-02  
   382       5   4.78125100e-09   4.36040741e-04  
   383       1   3.45286262e-03   4.02217858e+00  
   383       2   4.24517894e-06   3.44826313e-01  
   383       3   4.62434179e-07   3.46405055e-01  
   383       4   4.07200488e-07   3.58619608e-02  
   383       5   1.75004306e-07   4.80607156e-03  
   384       1   3.66480683e-03   4.13536137e+00  
   384       2   7.99835964e-06   2.22029871e-01  
   384       3   4.02918002e-07   4.08134948e-02  
   384       4   6.71255057e-08   1.57208767e-02  
   384       5   1.60249562e-08   1.07738909e-03  
   385       1   3.48104313e-03   4.52746901e+00  
   385       2   5.29851020e-06   3.87473228e-01  
   385       3   7.48470643e-07   3.36087500e-02  
   385       4   4.61724469e-08   6.11766714e-03  
   385       5   8.80013518e-09   1.11449260e-03  
   386       1   3.52833432e-03   5.76491762e+00  
   386       2   3.17760961e-06   3.92549074e-01  
   386       3   3.65183741e-07   2.89590236e-02  
   386       4   2.10862186e-08   3.98364413e-03  
   387       1   3.50213292e-03   5.96498763e+00  
   387       2   2.94209420e-06   1.82825369e-01  
   387       3   3.19033594e-07   2.04133601e-02  
   387       4   1.09701448e-07   4.48451516e-03  
   388       1   3.48933896e-03   5.56657844e+00  
   388       2   2.84701650e-06   6.84848500e-01  
   388       3   3.80484175e-07   1.59287374e-02  
   388       4   6.62989448e-08   1.57946387e-03  
   389       1   3.57553248e-03   5.14844355e+00  
   389       2   2.26774134e-06   9.40234849e-02  
   389       3   2.47428175e-07   1.22233272e-02  
   389       4   4.39542222e-08   2.04292228e-03  
   390       1   3.40458879e-03   4.46599536e+00  
   390       2   2.35655048e-06   3.36150531e-02  
   390       3   1.99345926e-07   7.72974604e-03  
   390       4   3.10842013e-08   1.21399514e-03  
   391       1   3.60136559e-03   4.86268173e+00  
   391       2   3.64374962e-06   1.89617906e-01  
   391       3   3.11751476e-07   1.21537063e-02  
   391       4   2.61517106e-08   1.95232056e-03  
   392       1   3.43682634e-03   5.54535568e+00  
   392       2   2.84191412e-06   7.52561729e-02  
   392       3   2.07754024e-07   7.83645362e-03  
   392       4   2.05989501e-08   1.21288079e-03  
   393       1   3.60945029e-03   5.28474972e+00  
   393       2   4.32916170e-06   2.24954384e-01  
   393       3   7.45092359e-07   8.48519207e-03  
   393       4   7.97409353e-08   1.24480771e-03  
   394       1   3.51689400e-03   3.53302470e+00  
   394       2   4.00227448e-06   1.51386166e-02  
   394       3   3.18618149e-07   5.60382983e-03  
   394       4   8.07733341e-08   7.68689187e-04  
   395       1   3.58210540e-03   2.83699594e+00  
   395       2   2.63914168e-06   1.79073626e-02  
   395       3   3.53212933e-07   3.82487427e-03  
   396       1   3.48712364e-03   2.44497780e+00  
   396       2   3.67248345e-06   1.12710379e-01  
   396       3   4.91475419e-07   6.80292535e-03  
   396       4   9.26785180e-08   1.27266440e-03  
   397       1   3.51982466e-03   2.40028022e+00  
   397       2   4.61691723e-06   2.42380327e-01  
   397       3   7.32103339e-07   9.94313509e-03  
   397       4   1.38921709e-07   6.57545302e-04  
   398       1   3.40984398e-03   2.36277295e+00  
   398       2   7.29557715e-06   2.55226156e-01  
   398       3   5.22849759e-07   9.74685957e-03  
   398       4   2.73854115e-07   2.36617329e-03  
   399       1   3.46611079e-03   2.58916246e+00  
   399       2   5.80634405e-06   7.26407800e-02  
   399       3   4.94821042e-07   6.07393334e-03  
   399       4   7.56291926e-08   6.97261505e-04  
   400       1   3.46774039e-03   2.58803730e+00  
   400       2   6.29256916e-06   1.07736022e-01  
   400       3   6.55606295e-07   6.53458369e-03  
   400       4   9.31334515e-08   1.68707929e-03  
   401       1   3.36928488e-03   2.68833790e+00  
   401       2   2.31719116e-06   3.61487399e-02  
   401       3   2.13408825e-07   4.06430420e-03  
   402       1   3.53420126e-03   2.51360131e+00  
   402       2   4.09716664e-06   4.42268388e-02  
   402       3   3.19425943e-07   7.04798889e-03  
   402       4   1.43541147e-07   2.98919629e-03  
   403       1   3.29659032e-03   2.51984446e+00  
   403       2   4.19002134e-06   9.79119922e-02  
   403       3   7.48813958e-07   8.38615787e-03  
   403       4   2.21034489e-07   1.27633565e-03  
   404       1   3.47568710e-03   2.36696994e+00  
   404       2   7.07087727e-06   2.77333950e-02  
   404       3   7.72705194e-07   7.31482699e-03  
   404       4   6.58835325e-08   5.31424053e-04  
   405       1   3.30867857e-03   2.56556914e+00  
   405       2   5.27573270e-06   2.16443431e-01  
   405       3   3.86558769e-07   1.30354142e-02  
   405       4   7.13472688e-08   1.15841563e-03  
   406       1   3.42094749e-03   2.85742361e+00  
   406       2   2.06953870e-06   2.58572563e-02  
   406       3   1.84376523e-07   1.12953071e-02  
   406       4   2.07615449e-08   8.83723920e-04  
   407       1   3.45459422e-03   3.53630509e+00  
   407       2   4.04517044e-06   3.91547161e-01  
   407       3   3.62190463e-07   2.06695665e-02  
   407       4   8.01185228e-08   2.26734984e-03  
   408       1   3.41693868e-03   4.75340290e+00  
   408       2   3.41229164e-06   1.30311975e-01  
   408       3   3.19815822e-07   1.60308991e-02  
   408       4   3.83287272e-08   7.29030128e-04  
   409       1   3.36390515e-03   5.20474995e+00  
   409       2   3.07634205e-06   2.03153212e-01  
   409       3   1.00365651e-07   4.81699395e-03  
   410       1   3.30092176e-03   5.57817881e+00  